TN:
SF:packages/sdk/src/errors.ts
FNF:7
FNH:7
DA:8,1
DA:10,59
DA:11,38
DA:12,62
DA:13,60
DA:14,68
DA:15,71
DA:17,2
DA:19,111
DA:20,121
DA:21,136
DA:22,75
DA:24,2
DA:26,111
DA:27,133
DA:28,136
DA:29,75
DA:31,2
DA:33,117
DA:34,159
DA:35,128
DA:36,81
DA:38,2
DA:40,111
DA:41,13
DA:42,134
DA:43,48
DA:44,10
DA:45,147
DA:46,75
DA:48,2
DA:50,121
DA:51,143
DA:52,150
DA:53,85
DA:55,2
DA:57,107
DA:58,167
DA:59,180
DA:60,71
DA:62,1
LF:41
LH:41
end_of_record
TN:
SF:packages/sdk/src/index.ts
FNF:6
FNH:5
DA:8,106
DA:9,108
DA:10,100
DA:11,100
DA:12,84
DA:13,112
DA:17,48
DA:18,50
DA:30,1
DA:32,39
DA:33,153
DA:34,32
DA:35,272
DA:36,7
DA:37,9
DA:38,126
DA:39,83
DA:40,107
DA:41,9
DA:42,143
DA:43,32
DA:44,174
DA:45,7
DA:46,9
DA:48,64
DA:49,72
DA:50,106
DA:51,171
DA:52,94
DA:54,62
DA:55,78
DA:56,48
DA:57,56
DA:58,46
DA:59,12
DA:61,116
DA:62,108
DA:63,108
DA:64,111
DA:71,25
DA:72,18
DA:73,34
DA:74,16
DA:75,10
DA:76,138
DA:82,43
DA:83,86
DA:84,117
DA:85,22
DA:86,124
DA:87,26
DA:88,62
DA:89,18
DA:90,44
DA:91,14
DA:92,61
DA:99,11
DA:100,18
DA:101,10
DA:102,46
DA:103,14
DA:104,78
DA:105,42
DA:106,6
DA:107,14
DA:108,8
DA:110,2
DA:112,45
LF:68
LH:68
end_of_record
TN:
SF:packages/sdk/src/modules/aiproxy.ts
FNF:8
FNH:7
DA:13,77
DA:15,34
DA:16,122
DA:17,122
DA:18,42
DA:19,36
DA:20,92
DA:21,103
DA:22,16
DA:23,60
DA:24,60
DA:25,78
DA:26,62
DA:27,70
DA:28,126
DA:29,70
DA:30,58
DA:31,82
DA:32,38
DA:33,12
DA:34,14
DA:35,47
DA:38,40
DA:39,122
DA:40,122
DA:41,42
DA:42,36
DA:43,92
DA:44,103
DA:45,16
DA:46,60
DA:47,60
DA:48,78
DA:49,62
DA:50,70
DA:51,126
DA:52,70
DA:53,58
DA:54,82
DA:55,36
DA:56,12
DA:57,14
DA:59,39
DA:60,103
DA:61,179
DA:62,9
DA:64,43
DA:65,125
DA:66,9
DA:68,80
DA:69,72
DA:71,35
DA:72,44
DA:73,48
DA:74,47
DA:75,108
DA:76,72
DA:78,120
DA:79,82
DA:80,74
DA:82,77
DA:83,80
DA:84,97
DA:85,102
DA:86,116
DA:87,42
DA:88,96
DA:89,140
DA:90,67
DA:91,84
DA:92,31
DA:93,32
DA:96,21
DA:97,9
DA:98,17
DA:100,9
DA:102,1
LF:77
LH:77
end_of_record
TN:
SF:packages/sdk/src/modules/checkout.ts
FNF:2
FNH:2
DA:12,6
DA:13,10
DA:14,8
DA:15,3
DA:16,32
DA:17,72
DA:18,2
DA:19,25
DA:20,72
DA:21,2
DA:23,68
DA:24,19
DA:25,52
DA:26,28
DA:27,28
DA:28,29
DA:29,41
DA:30,46
DA:31,43
DA:32,36
DA:33,4
DA:34,5
DA:36,17
DA:37,61
DA:38,2
DA:40,32
DA:41,59
DA:42,42
DA:43,2
DA:44,11
LF:30
LH:30
end_of_record
TN:
SF:packages/sdk/src/modules/credits.ts
FNF:7
FNH:7
DA:19,77
DA:21,37
DA:22,158
DA:23,42
DA:24,108
DA:25,60
DA:26,78
DA:27,48
DA:28,12
DA:29,14
DA:30,47
DA:33,37
DA:34,158
DA:35,42
DA:36,108
DA:37,60
DA:38,78
DA:39,54
DA:40,62
DA:41,62
DA:42,68
DA:43,12
DA:44,14
DA:45,47
DA:48,37
DA:49,158
DA:50,42
DA:51,108
DA:52,60
DA:53,78
DA:54,54
DA:55,52
DA:56,12
DA:57,14
DA:58,41
DA:60,1
LF:36
LH:36
end_of_record
TN:
SF:packages/sdk/src/modules/licensing.ts
FNF:31
FNH:30
DA:5,120
DA:30,86
DA:31,24
DA:32,57
DA:33,109
DA:34,85
DA:35,115
DA:36,55
DA:37,28
DA:38,5
DA:42,77
DA:44,38
DA:45,144
DA:46,42
DA:47,108
DA:48,60
DA:49,78
DA:50,60
DA:51,78
DA:52,78
DA:53,64
DA:54,12
DA:55,14
DA:56,47
DA:59,36
DA:60,140
DA:61,42
DA:62,108
DA:63,60
DA:64,78
DA:65,54
DA:66,72
DA:67,12
DA:68,14
DA:69,47
DA:72,32
DA:76,10
DA:77,140
DA:78,42
DA:79,108
DA:80,60
DA:81,78
DA:82,54
DA:83,72
DA:84,12
DA:85,14
DA:86,68
DA:87,84
DA:88,96
DA:89,28
DA:90,66
DA:91,52
DA:92,94
DA:93,52
DA:94,52
DA:95,56
DA:96,74
DA:97,68
DA:98,15
DA:101,38
DA:102,144
DA:103,42
DA:104,108
DA:105,60
DA:106,60
DA:107,78
DA:108,54
DA:109,104
DA:110,12
DA:111,14
DA:112,47
DA:115,13
DA:116,17
DA:117,10
DA:118,148
DA:119,42
DA:120,108
DA:121,60
DA:122,78
DA:123,48
DA:124,12
DA:125,14
DA:126,47
DA:129,39
DA:130,146
DA:131,42
DA:132,108
DA:133,60
DA:134,60
DA:135,78
DA:136,54
DA:137,70
DA:138,72
DA:139,12
DA:140,14
DA:141,42
DA:144,51
DA:145,86
DA:146,44
DA:147,124
DA:149,56
DA:150,148
DA:151,26
DA:152,88
DA:153,82
DA:154,58
DA:155,72
DA:156,76
DA:157,22
DA:159,57
DA:160,130
DA:161,177
DA:162,54
DA:163,80
DA:164,21
DA:165,66
DA:166,29
DA:167,17
DA:169,66
DA:170,30
DA:171,42
DA:172,62
DA:173,42
DA:177,77
DA:178,41
DA:179,49
DA:180,16
DA:181,41
DA:183,32
DA:185,28
DA:186,41
DA:187,46
DA:188,69
DA:190,80
DA:191,56
DA:192,34
DA:193,14
DA:196,35
DA:197,120
DA:200,22
DA:201,94
DA:202,78
DA:203,66
DA:204,78
DA:205,64
DA:206,18
DA:208,127
DA:209,102
DA:210,104
DA:211,36
DA:212,66
DA:213,54
DA:214,70
DA:215,82
DA:216,60
DA:217,112
DA:218,82
DA:219,78
DA:220,80
DA:221,70
DA:222,74
DA:223,82
DA:224,76
DA:225,9
DA:226,8
DA:227,38
DA:228,47
DA:229,25
DA:230,18
DA:234,58
DA:235,73
DA:236,43
DA:237,36
DA:238,9
DA:240,43
DA:241,50
DA:242,92
DA:244,16
DA:245,25
DA:246,26
DA:247,49
DA:248,26
DA:249,28
DA:250,26
DA:251,36
DA:252,27
DA:253,39
DA:254,36
DA:255,6
DA:256,9
DA:258,100
DA:259,28
DA:260,38
DA:261,48
DA:262,56
DA:263,44
DA:264,46
DA:265,48
DA:266,104
DA:267,84
DA:268,78
DA:269,15
DA:272,23
DA:273,130
DA:274,47
DA:277,21
DA:278,14
DA:279,18
DA:280,10
DA:281,94
DA:282,70
DA:283,22
DA:284,11
DA:287,76
DA:288,121
DA:291,12
DA:292,28
DA:293,26
DA:294,28
DA:295,10
DA:296,129
DA:297,55
DA:298,30
DA:300,2
LF:224
LH:224
end_of_record
TN:
SF:packages/sdk/src/modules/s2s.ts
FNF:45
FNH:45
DA:6,113
DA:23,72
DA:25,27
DA:26,28
DA:27,98
DA:28,76
DA:29,14
DA:33,20
DA:34,114
DA:35,118
DA:36,14
DA:37,43
DA:41,24
DA:42,50
DA:43,93
DA:44,144
DA:45,122
DA:46,18
DA:47,51
DA:49,50
DA:50,146
DA:51,122
DA:52,18
DA:53,45
DA:55,8
DA:58,32
DA:59,40
DA:63,14
DA:64,82
DA:65,130
DA:66,136
DA:67,146
DA:68,123
DA:69,144
DA:70,122
DA:71,18
DA:72,51
DA:75,58
DA:76,116
DA:77,148
DA:78,46
DA:79,72
DA:80,124
DA:81,18
DA:82,51
DA:85,68
DA:86,116
DA:87,160
DA:88,46
DA:89,72
DA:90,124
DA:91,18
DA:92,51
DA:95,60
DA:96,150
DA:97,46
DA:98,72
DA:99,70
DA:100,18
DA:101,51
DA:104,70
DA:105,162
DA:106,46
DA:107,72
DA:108,70
DA:109,18
DA:110,51
DA:113,64
DA:114,70
DA:115,150
DA:116,118
DA:117,16
DA:118,51
DA:121,70
DA:122,162
DA:123,46
DA:124,72
DA:125,70
DA:126,18
DA:127,51
DA:130,68
DA:131,152
DA:132,46
DA:133,72
DA:134,84
DA:135,18
DA:136,51
DA:139,64
DA:140,154
DA:141,46
DA:142,72
DA:143,70
DA:144,18
DA:145,51
DA:148,44
DA:154,14
DA:155,82
DA:156,158
DA:157,128
DA:158,128
DA:159,152
DA:160,144
DA:161,192
DA:162,122
DA:163,18
DA:164,45
DA:166,8
DA:169,30
DA:170,68
DA:171,70
DA:172,152
DA:173,118
DA:174,16
DA:175,51
DA:177,48
DA:182,14
DA:183,150
DA:184,46
DA:185,72
DA:186,70
DA:187,18
DA:188,45
DA:190,8
DA:193,32
DA:194,42
DA:195,136
DA:196,122
DA:197,18
DA:198,51
DA:200,60
DA:201,136
DA:202,46
DA:203,72
DA:204,70
DA:205,18
DA:206,51
DA:208,64
DA:209,148
DA:210,48
DA:211,72
DA:212,66
DA:213,18
DA:214,51
DA:216,50
DA:217,148
DA:218,50
DA:219,122
DA:220,18
DA:221,51
DA:223,62
DA:224,176
DA:225,46
DA:226,122
DA:227,18
DA:228,51
DA:230,46
DA:231,158
DA:232,46
DA:233,122
DA:234,18
DA:235,51
DA:237,111
DA:238,124
DA:240,6
DA:241,2
LF:165
LH:165
end_of_record
TN:
SF:packages/sdk/src/types.ts
FNF:0
FNH:0
LF:0
LH:0
end_of_record
TN:
SF:packages/sdk/src/utils/crypto.ts
FNF:7
FNH:7
DA:6,42
DA:9,16
DA:10,61
DA:11,66
DA:12,59
DA:18,6
DA:19,9
DA:20,17
DA:21,7
DA:22,3
DA:23,9
DA:24,82
DA:25,32
DA:26,42
DA:27,7
DA:28,20
DA:29,35
DA:30,7
DA:31,8
DA:32,6
DA:33,84
DA:34,53
DA:35,42
DA:36,13
DA:37,60
DA:38,17
DA:39,13
DA:46,6
DA:47,7
DA:48,8
DA:54,3
DA:55,9
DA:56,55
DA:57,42
DA:58,50
DA:59,4
DA:61,36
DA:62,16
DA:63,42
DA:64,12
DA:65,91
DA:66,35
DA:67,36
DA:68,25
DA:69,4
DA:70,75
DA:72,89
DA:73,12
DA:74,7
DA:75,55
DA:76,63
DA:77,38
DA:78,11
DA:79,5
DA:80,16
DA:81,4
DA:82,6
DA:83,69
DA:85,26
DA:86,48
DA:87,6
DA:89,92
DA:90,68
DA:91,48
DA:92,4
DA:94,45
DA:95,60
DA:96,62
DA:97,4
DA:98,4
DA:100,30
DA:101,0
DA:102,0
LF:73
LH:71
end_of_record
TN:
SF:packages/sdk/src/utils/semver.ts
FNF:3
FNH:3
DA:5,12
DA:6,9
DA:7,19
DA:8,11
DA:9,37
DA:12,23
DA:13,33
DA:14,29
DA:15,43
DA:16,33
DA:17,25
DA:18,25
DA:19,32
DA:20,31
DA:21,2
DA:22,12
LF:16
LH:16
end_of_record
TN:
SF:src/server/__test/setup.ts
FNF:9
FNH:9
DA:1,49
DA:2,58
DA:3,31
DA:4,41
DA:5,35
DA:13,15
DA:14,66
DA:15,38
DA:16,21
DA:17,59
DA:21,6
DA:22,6
DA:23,12
DA:24,3
DA:25,54
DA:28,27
DA:30,10
DA:31,20
DA:32,9
DA:33,46
DA:34,74
DA:35,20
DA:36,7
DA:37,52
DA:38,21
DA:39,41
DA:40,2
DA:41,0
DA:42,2
DA:44,18
DA:47,31
DA:49,11
DA:50,19
DA:51,27
DA:52,4
DA:54,41
DA:55,40
DA:56,48
DA:57,90
DA:58,24
DA:59,83
DA:60,50
DA:61,40
DA:62,6
DA:63,29
DA:64,90
DA:65,12
DA:66,27
DA:67,32
DA:68,0
DA:69,0
DA:70,0
DA:71,0
DA:72,0
DA:73,0
DA:74,6
DA:75,22
DA:76,4
DA:77,36
DA:80,35
LF:60
LH:53
end_of_record
TN:
SF:src/server/auth.ts
FNF:1
FNH:1
DA:1,41
DA:2,62
DA:3,44
DA:4,26
DA:5,34
DA:6,67
DA:8,25
DA:9,26
DA:10,26
DA:11,26
DA:12,26
DA:13,24
DA:14,23
DA:15,26
DA:16,25
DA:17,22
DA:18,22
DA:19,18
DA:21,33
DA:22,25
DA:23,43
DA:24,31
DA:25,24
DA:26,34
DA:27,19
DA:28,50
DA:29,5
DA:30,23
DA:31,18
DA:32,22
DA:33,4
DA:34,16
DA:35,15
DA:36,10
DA:37,4
DA:38,17
DA:39,14
DA:40,22
DA:41,18
DA:42,4
DA:43,15
DA:44,30
DA:46,36
DA:47,32
DA:48,22
DA:49,25
DA:50,3
DA:51,4
DA:52,19
DA:53,2
LF:50
LH:50
end_of_record
TN:
SF:src/server/config.ts
FNF:16
FNH:14
DA:1,50
DA:3,24
DA:6,40
DA:7,23
DA:8,2
DA:9,9
DA:10,30
DA:11,51
DA:12,68
DA:13,75
DA:14,36
DA:15,0
DA:16,4
DA:17,2
DA:18,2
DA:21,16
DA:24,50
DA:25,40
DA:26,34
DA:28,79
DA:35,31
DA:36,32
DA:37,11
DA:38,0
DA:39,0
DA:40,0
DA:42,0
DA:43,0
DA:44,2
DA:45,27
DA:52,13
DA:53,32
DA:54,11
DA:55,0
DA:56,2
DA:57,12
DA:60,0
DA:61,0
DA:62,0
DA:63,0
DA:64,0
DA:65,0
DA:66,0
DA:67,0
DA:68,0
DA:69,0
DA:70,1
DA:78,14
DA:79,41
DA:80,23
DA:82,89
DA:83,0
DA:84,2
DA:86,72
DA:89,37
DA:90,11
DA:91,66
DA:92,35
DA:93,0
DA:94,4
DA:95,2
DA:98,2
DA:101,56
DA:102,52
DA:103,32
DA:104,33
DA:105,31
DA:106,42
DA:107,42
DA:108,85
DA:109,67
DA:110,43
DA:111,2
DA:113,11
DA:122,35
DA:124,48
DA:125,19
DA:126,11
DA:127,79
DA:128,21
DA:129,27
DA:130,0
DA:131,0
DA:132,0
DA:133,0
DA:135,0
DA:138,0
DA:139,0
DA:140,0
DA:141,0
DA:142,0
DA:143,0
DA:144,0
DA:145,0
DA:146,0
DA:147,0
DA:148,0
DA:149,0
DA:151,0
DA:154,0
DA:155,0
DA:156,0
DA:157,0
DA:158,0
DA:159,0
DA:160,0
DA:162,0
DA:164,0
DA:165,0
DA:168,0
DA:169,0
DA:170,0
DA:171,0
DA:172,0
DA:173,0
DA:174,0
DA:175,0
DA:176,0
DA:178,0
DA:180,1
DA:183,52
DA:185,23
DA:190,14
DA:191,66
DA:192,42
DA:193,2
DA:199,18
DA:200,44
DA:201,9
DA:202,57
DA:203,34
DA:204,26
DA:205,69
DA:206,5
DA:209,68
DA:210,9
DA:211,0
DA:212,0
DA:213,0
DA:214,0
DA:215,0
DA:216,0
DA:217,4
DA:219,63
DA:220,42
DA:221,78
DA:222,32
DA:223,13
DA:224,0
DA:225,0
DA:228,1
DA:232,485
DA:242,1728
DA:271,24
DA:272,21
DA:273,10
DA:274,35
DA:275,29
DA:276,9
DA:282,20
DA:283,8
DA:284,44
DA:285,29
DA:286,0
DA:287,0
DA:288,0
DA:289,0
DA:290,0
DA:291,2
DA:293,8
DA:294,46
DA:295,20
DA:296,29
DA:299,53
DA:301,15
DA:303,33
DA:304,4
DA:306,21
DA:307,70
DA:308,14
DA:309,16
DA:311,70
DA:313,66
DA:315,36
DA:316,31
DA:317,34
DA:318,8
DA:320,18
DA:321,2
DA:322,59
DA:323,3
DA:324,4
DA:326,12
DA:328,43
DA:330,71
DA:331,35
DA:332,4
DA:334,25
DA:336,17
DA:337,12
DA:338,31
DA:339,0
DA:341,0
DA:342,0
DA:343,12
DA:344,51
DA:346,15
DA:347,62
DA:349,0
DA:350,36
DA:351,29
DA:352,8
DA:353,6
DA:354,25
DA:355,40
DA:356,33
DA:357,8
DA:358,6
DA:359,23
DA:360,38
DA:361,31
DA:362,8
DA:363,6
DA:364,20
DA:365,89
DA:366,6
DA:367,22
DA:368,79
DA:369,75
DA:370,8
DA:371,6
DA:372,23
DA:373,81
DA:374,77
DA:375,8
DA:376,6
DA:377,25
DA:378,3
DA:379,2
DA:380,1
LF:240
LH:166
end_of_record
TN:
SF:src/server/db/index.ts
FNF:1
FNH:1
DA:1,32
DA:2,50
DA:3,35
DA:4,35
DA:6,39
DA:8,9
DA:9,76
DA:10,0
DA:11,2
DA:12,4
DA:13,39
DA:14,35
DA:15,36
DA:16,0
DA:17,0
DA:18,2
DA:19,9
DA:20,32
DA:21,33
DA:23,4
DA:24,9
DA:25,24
DA:26,24
DA:27,23
DA:28,30
DA:29,27
DA:30,25
DA:31,7
DA:32,12
DA:33,0
DA:34,0
DA:36,1
DA:39,39
DA:41,51
DA:42,9
DA:43,19
DA:44,21
DA:45,12
DA:46,3
DA:48,50
LF:40
LH:35
end_of_record
TN:
SF:src/server/db/schema/aiproxy.ts
FNF:12
FNH:5
DA:1,109
DA:11,30
DA:12,38
DA:13,38
DA:19,37
DA:20,20
DA:21,3
DA:22,30
DA:23,30
DA:24,10
DA:25,39
DA:26,48
DA:27,38
DA:28,55
DA:29,40
DA:30,28
DA:31,28
DA:32,57
DA:33,84
DA:34,82
DA:35,1
DA:36,72
DA:37,3
DA:43,35
DA:44,18
DA:45,3
DA:46,30
DA:47,22
DA:48,10
DA:49,39
DA:50,56
DA:51,22
DA:52,5
DA:53,44
DA:54,55
DA:55,75
DA:56,71
DA:57,76
DA:58,82
DA:59,1
DA:60,14
DA:61,69
DA:62,53
DA:63,68
DA:65,3
DA:71,34
DA:72,17
DA:73,3
DA:74,30
DA:75,70
DA:76,22
DA:77,10
DA:78,39
DA:79,44
DA:80,62
DA:81,70
DA:82,60
DA:83,56
DA:84,82
DA:85,1
DA:86,14
DA:87,60
DA:88,52
DA:89,58
DA:91,3
DA:96,41
DA:97,24
DA:98,3
DA:99,46
DA:100,22
DA:101,10
DA:102,39
DA:103,32
DA:104,63
DA:105,15
DA:106,55
DA:107,27
DA:108,38
DA:109,70
DA:110,67
DA:111,70
DA:112,84
DA:113,82
DA:114,1
DA:115,14
DA:116,59
DA:117,62
DA:119,3
DA:121,34
DA:122,17
DA:123,3
DA:124,46
DA:125,22
DA:126,10
DA:127,39
DA:128,34
DA:129,39
DA:130,33
DA:131,52
DA:132,60
DA:133,50
DA:134,46
DA:135,26
DA:136,82
DA:137,1
DA:138,14
DA:139,52
DA:140,62
DA:141,58
DA:143,2
LF:110
LH:110
end_of_record
TN:
SF:src/server/db/schema/apps.ts
FNF:2
FNH:1
DA:1,92
DA:2,38
DA:81,27
DA:82,8
DA:83,3
DA:84,30
DA:86,48
DA:87,30
DA:88,10
DA:89,39
DA:90,31
DA:91,40
DA:92,50
DA:93,19
DA:94,12
DA:95,60
DA:96,82
DA:97,20
DA:98,12
DA:99,40
DA:100,59
DA:101,51
DA:102,51
DA:103,35
DA:104,29
DA:105,35
DA:106,30
DA:107,43
DA:108,53
DA:109,53
DA:110,43
DA:111,34
DA:112,49
DA:113,34
DA:114,36
DA:115,84
DA:116,82
DA:117,1
DA:118,14
DA:119,51
DA:120,38
DA:122,2
LF:42
LH:42
end_of_record
TN:
SF:src/server/db/schema/auth.ts
FNF:12
FNH:6
DA:1,40
DA:2,79
DA:4,38
DA:5,30
DA:6,31
DA:7,42
DA:8,68
DA:9,23
DA:10,47
DA:11,35
DA:12,11
DA:13,12
DA:14,21
DA:15,43
DA:16,32
DA:17,37
DA:18,3
DA:20,30
DA:21,11
DA:22,3
DA:23,30
DA:24,47
DA:25,42
DA:26,47
DA:27,35
DA:28,11
DA:29,12
DA:30,32
DA:31,32
DA:32,24
DA:33,10
DA:34,39
DA:35,40
DA:36,1
DA:37,56
DA:38,3
DA:40,30
DA:41,11
DA:42,3
DA:43,30
DA:44,42
DA:45,44
DA:46,24
DA:47,10
DA:48,39
DA:49,36
DA:50,38
DA:51,28
DA:52,61
DA:53,63
DA:54,23
DA:55,29
DA:56,47
DA:57,35
DA:58,11
DA:59,10
DA:60,1
DA:61,56
DA:62,3
DA:64,35
DA:65,16
DA:66,3
DA:67,30
DA:68,43
DA:69,33
DA:70,47
DA:71,47
DA:72,35
DA:73,11
DA:74,10
DA:75,1
DA:76,69
DA:77,3
DA:79,61
DA:80,26
DA:81,24
DA:82,3
DA:84,66
DA:85,21
DA:86,29
DA:87,23
DA:88,3
DA:89,3
DA:91,66
DA:92,21
DA:93,29
DA:94,23
DA:95,3
DA:96,2
LF:89
LH:89
end_of_record
TN:
SF:src/server/db/schema/builders.ts
FNF:2
FNH:1
DA:1,83
DA:2,30
DA:4,31
DA:5,12
DA:6,3
DA:7,46
DA:9,64
DA:10,42
DA:11,31
DA:12,45
DA:14,61
DA:15,57
DA:21,4
DA:22,84
DA:23,82
DA:24,1
DA:25,58
DA:26,2
LF:18
LH:18
end_of_record
TN:
SF:src/server/db/schema/coupons.ts
FNF:2
FNH:1
DA:1,96
DA:2,30
DA:9,30
DA:10,11
DA:11,3
DA:12,30
DA:13,40
DA:14,61
DA:15,57
DA:16,66
DA:17,68
DA:18,61
DA:19,57
DA:20,84
DA:21,82
DA:22,1
DA:23,14
DA:24,46
DA:25,54
DA:27,2
LF:20
LH:20
end_of_record
TN:
SF:src/server/db/schema/credits.ts
FNF:3
FNH:1
DA:1,99
DA:2,30
DA:3,38
DA:10,35
DA:11,17
DA:12,3
DA:13,30
DA:14,30
DA:15,10
DA:16,39
DA:17,22
DA:18,10
DA:19,39
DA:20,50
DA:21,24
DA:22,50
DA:23,15
DA:24,36
DA:25,51
DA:26,31
DA:27,35
DA:28,30
DA:29,82
DA:30,1
DA:31,14
DA:32,77
DA:33,52
DA:34,68
DA:35,83
DA:37,2
LF:30
LH:30
end_of_record
TN:
SF:src/server/db/schema/index.ts
FNF:1
FNH:1
DA:1,23
DA:2,27
DA:3,23
DA:4,31
DA:5,27
DA:6,26
DA:7,26
DA:8,25
LF:8
LH:8
end_of_record
TN:
SF:src/server/db/schema/licenses.ts
FNF:15
FNH:7
DA:1,117
DA:12,30
DA:13,46
DA:14,38
DA:16,31
DA:17,12
DA:18,3
DA:19,30
DA:20,22
DA:21,10
DA:22,39
DA:23,55
DA:24,22
DA:25,5
DA:26,53
DA:27,50
DA:28,34
DA:29,32
DA:30,68
DA:31,24
DA:32,28
DA:33,40
DA:34,3
DA:35,18
DA:36,12
DA:37,66
DA:38,50
DA:39,54
DA:40,61
DA:41,74
DA:42,56
DA:43,26
DA:44,84
DA:45,82
DA:46,1
DA:47,14
DA:48,47
DA:50,67
DA:51,53
DA:52,63
DA:53,46
DA:55,3
DA:57,41
DA:58,23
DA:59,3
DA:60,30
DA:61,30
DA:62,10
DA:63,39
DA:64,40
DA:65,34
DA:66,32
DA:67,97
DA:68,82
DA:69,1
DA:70,14
DA:71,68
DA:72,66
DA:73,62
DA:75,3
DA:80,36
DA:81,18
DA:82,3
DA:83,32
DA:84,69
DA:85,34
DA:86,44
DA:87,84
DA:88,59
DA:89,1
DA:90,14
DA:91,61
DA:92,59
DA:94,3
DA:101,36
DA:102,18
DA:103,3
DA:104,30
DA:105,30
DA:106,10
DA:107,39
DA:108,40
DA:109,34
DA:111,40
DA:112,32
DA:113,97
DA:114,71
DA:115,82
DA:116,1
DA:117,14
DA:118,74
DA:119,61
DA:120,59
DA:122,3
DA:128,39
DA:129,21
DA:130,3
DA:131,30
DA:132,30
DA:133,10
DA:134,39
DA:135,29
DA:136,35
DA:137,55
DA:138,57
DA:139,84
DA:140,82
DA:141,1
DA:142,70
DA:143,3
DA:149,40
DA:150,22
DA:151,3
DA:152,30
DA:153,71
DA:155,33
DA:157,46
DA:158,31
DA:159,28
DA:160,37
DA:161,3
DA:162,19
DA:163,12
DA:164,53
DA:165,70
DA:166,76
DA:167,84
DA:168,82
DA:169,1
DA:170,14
DA:171,77
DA:172,62
DA:174,3
DA:180,36
DA:181,18
DA:182,3
DA:183,30
DA:184,69
DA:185,34
DA:186,24
DA:187,33
DA:188,35
DA:189,55
DA:190,15
DA:191,28
DA:192,48
DA:193,32
DA:194,82
DA:195,1
DA:196,14
DA:197,61
DA:198,53
DA:199,52
DA:200,59
DA:202,2
LF:155
LH:155
end_of_record
TN:
SF:src/server/db/schema/transactions.ts
FNF:3
FNH:1
DA:1,114
DA:11,30
DA:12,38
DA:14,35
DA:15,16
DA:16,3
DA:17,30
DA:18,22
DA:19,10
DA:20,39
DA:21,30
DA:22,10
DA:23,39
DA:24,70
DA:25,53
DA:26,54
DA:27,57
DA:28,47
DA:29,50
DA:30,49
DA:31,49
DA:32,45
DA:33,42
DA:34,43
DA:35,48
DA:36,3
DA:37,19
DA:38,12
DA:39,53
DA:40,56
DA:41,3
DA:42,19
DA:43,12
DA:44,42
DA:45,34
DA:46,66
DA:47,47
DA:49,52
DA:52,60
DA:53,55
DA:54,84
DA:55,82
DA:56,1
DA:57,14
DA:59,44
DA:60,17
DA:61,21
DA:62,24
DA:63,4
DA:64,51
DA:65,84
DA:66,67
DA:67,76
DA:68,57
DA:70,2
LF:55
LH:55
end_of_record
TN:
SF:src/server/index.ts
FNF:20
FNH:7
DA:1,32
DA:2,38
DA:3,44
DA:5,43
DA:6,52
DA:7,99
DA:8,58
DA:9,56
DA:10,30
DA:11,62
DA:12,47
DA:13,36
DA:14,26
DA:15,39
DA:16,42
DA:17,59
DA:18,62
DA:19,48
DA:20,53
DA:22,62
DA:23,53
DA:24,59
DA:25,65
DA:28,0
DA:29,0
DA:30,0
DA:31,0
DA:32,0
DA:33,0
DA:34,0
DA:35,0
DA:36,0
DA:37,0
DA:38,0
DA:39,0
DA:40,0
DA:41,0
DA:42,0
DA:43,0
DA:44,0
DA:45,0
DA:46,0
DA:47,0
DA:48,0
DA:49,1
DA:52,31
DA:54,29
DA:55,31
DA:56,2
DA:58,4
DA:59,8
DA:60,25
DA:61,49
DA:63,53
DA:66,11
DA:67,39
DA:68,4
DA:69,38
DA:70,44
DA:71,34
DA:72,9
DA:73,11
DA:74,4
DA:75,4
DA:79,51
DA:80,20
DA:81,13
DA:82,55
DA:83,4
DA:86,4
DA:88,31
DA:89,38
DA:90,41
DA:91,48
DA:92,24
DA:93,6
DA:94,31
DA:95,13
DA:96,66
DA:97,4
DA:100,4
DA:101,33
DA:102,13
DA:103,68
DA:104,4
DA:107,4
DA:108,63
DA:110,20
DA:111,62
DA:112,1
DA:113,2
DA:116,4
DA:117,11
DA:118,19
DA:119,25
DA:120,14
DA:122,24
DA:123,15
DA:125,17
DA:126,18
DA:127,26
DA:128,27
DA:129,36
DA:131,20
DA:132,17
DA:134,28
DA:135,27
DA:137,28
DA:139,26
DA:140,31
DA:141,30
DA:142,35
DA:143,27
DA:144,46
DA:145,46
DA:146,36
DA:147,33
DA:149,41
DA:150,37
DA:151,42
DA:152,26
DA:154,26
DA:156,25
DA:158,34
DA:160,30
DA:161,27
DA:163,34
DA:164,35
DA:165,36
DA:166,45
DA:167,35
DA:168,35
DA:169,36
DA:170,38
DA:172,27
DA:173,34
DA:174,41
DA:175,43
DA:176,35
DA:177,33
DA:178,4
DA:179,20
DA:180,13
DA:181,38
DA:182,23
DA:183,13
DA:184,119
DA:185,6
DA:186,13
DA:187,9
DA:188,27
DA:189,76
DA:190,8
DA:191,71
DA:192,9
DA:193,36
DA:194,69
DA:195,8
DA:196,79
DA:197,86
DA:198,79
DA:199,6
DA:200,19
DA:201,26
DA:202,29
DA:203,23
DA:204,27
DA:205,30
DA:206,13
DA:207,174
DA:208,10
DA:209,25
DA:210,23
DA:211,27
DA:212,30
DA:213,13
DA:214,155
DA:215,7
DA:216,5
DA:217,3
DA:218,2
DA:219,1
DA:220,2
DA:222,42
DA:223,39
DA:225,30
DA:226,21
DA:227,84
DA:228,2
DA:229,31
DA:230,21
DA:231,14
DA:232,83
DA:233,1
DA:234,0
DA:236,0
DA:237,0
DA:238,0
DA:239,0
DA:241,0
DA:242,0
DA:243,0
DA:244,0
DA:245,0
DA:246,0
DA:247,0
DA:248,0
DA:249,0
DA:250,0
DA:251,0
DA:252,2
DA:255,0
DA:256,0
DA:257,0
DA:258,0
DA:259,0
DA:262,2
DA:263,0
DA:264,0
DA:265,0
DA:266,0
DA:267,0
DA:268,0
DA:269,0
DA:270,0
DA:271,0
DA:272,0
DA:273,0
DA:274,0
DA:275,0
DA:276,0
DA:277,0
DA:278,0
DA:279,0
DA:280,0
DA:281,0
DA:284,2
DA:285,0
DA:286,0
DA:287,0
DA:288,0
DA:289,0
DA:292,2
DA:295,65
DA:296,58
DA:297,60
DA:298,44
DA:299,2
DA:302,17
DA:303,17
DA:305,19
DA:306,26
DA:307,25
DA:308,21
DA:311,18
DA:312,0
DA:313,0
DA:314,0
DA:315,0
DA:316,0
DA:317,0
DA:320,0
DA:322,0
DA:323,0
DA:324,0
DA:326,0
DA:327,0
DA:328,0
DA:330,0
DA:332,0
DA:333,0
DA:334,0
DA:335,0
DA:336,0
DA:337,0
DA:338,0
DA:339,0
DA:340,0
DA:341,0
DA:342,0
DA:343,0
DA:344,0
DA:345,0
DA:346,0
DA:347,0
DA:348,0
DA:349,0
DA:350,0
DA:351,0
DA:352,0
DA:353,0
DA:354,0
DA:355,0
DA:356,0
DA:357,0
DA:359,0
DA:360,9
DA:362,39
DA:363,37
DA:364,44
DA:365,23
DA:366,64
DA:367,4
DA:368,32
DA:369,16
DA:370,50
DA:371,26
DA:372,28
DA:373,22
DA:374,61
DA:375,45
DA:376,63
DA:377,10
DA:378,80
DA:379,1
DA:380,0
DA:382,0
DA:383,3
DA:386,0
DA:387,0
DA:388,0
DA:389,0
DA:390,0
DA:391,0
DA:392,0
DA:393,0
DA:394,0
DA:395,0
DA:396,0
DA:397,0
DA:398,0
DA:399,0
DA:400,0
DA:401,0
DA:402,0
DA:403,0
DA:404,0
DA:405,0
DA:406,0
DA:407,0
DA:408,0
DA:409,0
DA:410,0
DA:411,0
DA:412,0
DA:413,0
DA:414,0
DA:415,0
DA:416,0
DA:422,0
DA:423,0
DA:424,0
DA:425,0
DA:426,0
DA:427,0
DA:428,0
DA:434,0
DA:435,0
DA:436,0
DA:437,0
DA:438,0
DA:439,0
DA:440,0
DA:446,0
DA:447,0
DA:448,0
DA:449,0
DA:450,0
DA:451,0
DA:452,0
DA:453,0
DA:454,0
DA:455,0
DA:456,0
DA:457,0
DA:458,0
DA:459,0
DA:460,1
DA:464,35
DA:465,0
DA:467,0
DA:468,0
DA:469,0
DA:470,0
DA:471,0
DA:472,0
DA:474,0
DA:475,0
DA:476,0
DA:478,0
LF:390
LH:211
end_of_record
TN:
SF:src/server/lib/ip.ts
FNF:3
FNH:3
DA:5,8
DA:6,47
DA:9,18
DA:10,29
DA:11,78
DA:12,18
DA:14,31
DA:15,45
DA:16,23
DA:17,0
DA:18,3
DA:21,53
DA:22,44
DA:24,48
DA:25,50
DA:27,49
DA:28,19
DA:29,50
DA:30,47
DA:31,2
DA:33,11
LF:21
LH:20
end_of_record
TN:
SF:src/server/lib/ownership.ts
FNF:6
FNH:6
DA:1,27
DA:2,55
DA:3,37
DA:17,6
DA:18,11
DA:19,7
DA:20,16
DA:21,3
DA:22,11
DA:23,0
DA:24,2
DA:25,47
DA:26,34
DA:27,5
DA:28,9
DA:29,0
DA:30,2
DA:31,65
DA:32,75
DA:33,0
DA:34,1
DA:42,6
DA:43,11
DA:44,16
DA:45,16
DA:46,3
DA:47,20
DA:48,0
DA:49,2
DA:50,40
DA:51,51
DA:52,71
DA:53,5
DA:54,9
DA:55,0
DA:56,2
DA:57,47
DA:58,31
DA:59,5
DA:60,9
DA:61,0
DA:62,2
DA:63,65
DA:64,74
DA:65,0
DA:66,1
DA:74,6
DA:75,11
DA:76,10
DA:77,16
DA:78,3
DA:79,14
DA:80,0
DA:81,2
DA:82,34
DA:83,50
DA:84,32
DA:85,5
DA:86,9
DA:87,0
DA:88,2
DA:89,15
DA:90,0
DA:91,0
DA:92,0
DA:93,0
DA:94,2
DA:95,47
DA:96,31
DA:97,5
DA:98,9
DA:99,0
DA:100,2
DA:101,65
DA:102,72
DA:103,0
DA:104,0
LF:77
LH:61
end_of_record
TN:
SF:src/server/lib/pagination.ts
FNF:2
FNH:2
DA:18,17
DA:19,50
DA:20,42
DA:21,86
DA:22,29
DA:23,47
DA:24,41
DA:26,25
DA:29,35
DA:30,12
DA:31,10
DA:32,28
DA:33,30
DA:34,51
DA:35,1
LF:15
LH:15
end_of_record
TN:
SF:src/server/lib/semver.ts
FNF:3
FNH:3
DA:1,7
DA:2,9
DA:3,19
DA:4,11
DA:5,37
DA:8,23
DA:9,33
DA:10,29
DA:11,43
DA:12,33
DA:13,25
DA:14,25
DA:15,32
DA:16,31
DA:17,2
DA:18,12
LF:16
LH:16
end_of_record
TN:
SF:src/server/middleware/auth.ts
FNF:9
FNH:8
DA:1,32
DA:2,31
DA:3,27
DA:4,40
DA:5,32
DA:17,12
DA:18,9
DA:19,45
DA:20,0
DA:21,1
DA:32,32
DA:33,48
DA:34,29
DA:35,60
DA:37,42
DA:38,31
DA:39,47
DA:40,72
DA:41,0
DA:42,2
DA:43,2
DA:45,73
DA:46,12
DA:47,70
DA:48,35
DA:49,2
DA:56,17
DA:57,59
DA:58,84
DA:59,34
DA:60,86
DA:61,2
DA:62,55
DA:63,39
DA:64,5
DA:65,18
DA:66,59
DA:67,2
DA:68,19
DA:71,58
DA:75,9
DA:76,17
DA:77,41
DA:78,52
DA:79,74
DA:80,3
DA:82,4
DA:84,0
DA:85,0
DA:86,0
DA:87,0
DA:88,0
DA:89,0
DA:90,0
DA:91,0
DA:92,2
DA:94,2
DA:95,2
LF:58
LH:48
end_of_record
TN:
SF:src/server/routes/aiproxy/chat.ts
FNF:5
FNH:5
DA:1,30
DA:2,83
DA:3,38
DA:4,54
DA:5,60
DA:6,38
DA:7,97
DA:13,9
DA:14,10
DA:15,7
DA:16,5
DA:21,3
DA:22,31
DA:23,36
DA:24,82
DA:27,58
DA:28,12
DA:29,36
DA:30,4
DA:32,50
DA:33,46
DA:34,14
DA:35,21
DA:36,51
DA:37,54
DA:38,1
DA:39,2
DA:41,37
DA:45,52
DA:46,21
DA:47,14
DA:48,21
DA:49,28
DA:50,69
DA:51,1
DA:52,2
DA:53,30
DA:58,29
DA:59,66
DA:60,11
DA:61,31
DA:62,57
DA:63,3
DA:64,5
DA:65,83
DA:66,55
DA:67,2
DA:68,50
DA:69,34
DA:70,17
DA:71,4
DA:72,28
DA:73,21
DA:74,14
DA:75,21
DA:76,35
DA:77,87
DA:78,36
DA:79,1
DA:80,2
DA:83,50
DA:84,61
DA:85,84
DA:86,5
DA:88,60
DA:89,29
DA:90,89
DA:91,46
DA:92,23
DA:93,16
DA:94,23
DA:95,44
DA:96,147
DA:97,1
DA:98,2
DA:99,2
DA:102,23
DA:103,51
DA:104,83
DA:107,29
DA:108,0
DA:109,0
DA:110,0
DA:111,0
DA:112,0
DA:113,0
DA:114,0
DA:115,0
DA:116,0
DA:117,0
DA:119,0
DA:120,2
DA:123,65
DA:124,11
DA:125,37
DA:126,49
DA:127,3
DA:128,5
DA:130,34
DA:132,63
DA:133,46
DA:134,5
DA:135,2
DA:137,19
DA:138,40
DA:139,23
DA:140,16
DA:141,23
DA:142,39
DA:143,74
DA:144,1
DA:145,4
DA:147,92
DA:148,23
DA:149,16
DA:150,23
DA:151,39
DA:152,68
DA:153,1
DA:154,4
DA:156,22
DA:157,13
DA:158,34
DA:159,27
DA:160,14
DA:161,17
DA:162,10
DA:163,45
DA:164,15
DA:165,25
DA:166,67
DA:168,2
DA:169,2
DA:172,37
DA:173,81
DA:174,74
DA:175,2
DA:177,21
DA:178,21
DA:179,94
DA:180,2
DA:182,69
DA:183,40
DA:184,88
DA:187,18
DA:188,40
DA:189,21
DA:190,40
DA:191,32
DA:193,15
DA:195,26
DA:197,42
DA:199,0
DA:200,0
DA:201,0
DA:202,0
DA:203,0
DA:204,0
DA:205,40
DA:207,24
DA:208,22
DA:209,28
DA:210,22
DA:211,26
DA:212,25
DA:213,25
DA:214,20
DA:215,23
DA:216,25
DA:217,28
DA:218,22
DA:219,22
DA:220,29
DA:221,27
DA:222,12
DA:223,0
DA:224,0
DA:225,0
DA:226,0
DA:227,0
DA:228,0
DA:229,0
DA:230,11
DA:234,40
DA:235,36
DA:236,76
DA:237,55
DA:238,10
DA:241,85
DA:242,51
DA:243,48
DA:244,34
DA:245,18
DA:246,23
DA:247,25
DA:248,29
DA:249,38
DA:250,39
DA:251,28
DA:252,13
DA:255,79
DA:256,27
DA:257,0
DA:258,0
DA:259,11
DA:262,7
DA:264,35
DA:265,18
DA:266,59
DA:267,50
DA:268,33
DA:269,31
DA:270,5
DA:271,2
DA:272,2
DA:275,24
DA:276,42
DA:280,0
DA:281,0
DA:282,0
DA:283,0
DA:284,0
DA:285,0
DA:286,0
DA:287,0
DA:288,0
DA:289,0
DA:290,0
DA:291,0
DA:292,0
DA:293,0
DA:294,0
DA:295,0
DA:297,32
DA:298,15
DA:299,105
DA:300,0
DA:301,0
DA:302,0
DA:303,0
DA:304,0
DA:305,0
DA:306,3
DA:309,75
DA:310,43
DA:311,54
DA:314,40
DA:315,26
DA:316,10
DA:317,15
DA:318,17
DA:319,21
DA:320,30
DA:321,31
DA:322,20
DA:323,5
DA:325,12
DA:326,18
DA:327,23
DA:328,23
DA:329,31
DA:330,14
DA:331,19
DA:332,23
DA:333,15
DA:334,6
DA:335,11
DA:336,1
LF:268
LH:220
end_of_record
TN:
SF:src/server/routes/aiproxy/config.ts
FNF:4
FNH:4
DA:1,30
DA:2,53
DA:3,38
DA:4,56
DA:5,53
DA:10,45
DA:11,47
DA:12,2
DA:13,10
DA:14,32
DA:15,2
DA:17,25
DA:18,0
DA:19,0
DA:20,2
DA:22,24
DA:23,0
DA:24,0
DA:25,0
DA:26,0
DA:27,0
DA:28,2
DA:30,58
DA:31,38
DA:32,5
DA:33,34
DA:39,32
DA:40,11
DA:41,10
DA:42,15
DA:43,20
DA:44,27
DA:45,26
DA:46,30
DA:47,19
DA:48,7
DA:50,47
DA:51,2
DA:52,10
DA:53,32
DA:54,2
DA:56,25
DA:57,0
DA:58,0
DA:59,2
DA:61,24
DA:62,0
DA:63,0
DA:64,0
DA:65,0
DA:66,0
DA:67,2
DA:69,75
DA:70,14
DA:71,21
DA:72,49
DA:73,2
DA:75,60
DA:76,84
DA:77,5
DA:79,18
DA:80,9
DA:81,21
DA:82,11
DA:83,22
DA:84,24
DA:85,22
DA:86,23
DA:87,40
DA:88,3
DA:89,42
DA:90,11
DA:91,44
DA:92,76
DA:93,12
DA:94,17
DA:95,22
DA:96,24
DA:97,22
DA:98,23
DA:99,40
DA:100,7
DA:103,84
LF:83
LH:69
end_of_record
TN:
SF:src/server/routes/aiproxy/logs.ts
FNF:3
FNH:3
DA:1,30
DA:2,46
DA:3,33
DA:4,56
DA:5,53
DA:10,52
DA:11,47
DA:12,2
DA:13,10
DA:14,32
DA:15,2
DA:17,25
DA:18,0
DA:19,0
DA:20,2
DA:22,24
DA:23,0
DA:24,0
DA:25,0
DA:26,0
DA:27,0
DA:28,2
DA:30,31
DA:31,54
DA:32,40
DA:33,52
DA:34,22
DA:35,5
DA:37,12
DA:38,18
DA:39,6
DA:40,1
LF:32
LH:25
end_of_record
TN:
SF:src/server/routes/aiproxy/quota.ts
FNF:2
FNH:2
DA:1,60
DA:7,33
DA:8,74
DA:9,39
DA:11,84
DA:12,50
DA:13,46
DA:14,14
DA:15,21
DA:16,51
DA:17,54
DA:18,1
DA:19,2
DA:21,52
DA:22,86
DA:24,12
DA:25,18
DA:26,13
DA:27,1
LF:19
LH:19
end_of_record
TN:
SF:src/server/routes/aiproxy/router.ts
FNF:5
FNH:4
DA:1,35
DA:2,53
DA:3,38
DA:4,47
DA:5,68
DA:6,97
DA:7,41
DA:13,17
DA:14,7
DA:15,23
DA:17,62
DA:19,27
DA:20,36
DA:21,44
DA:22,29
DA:23,38
DA:24,38
DA:25,44
DA:26,28
DA:27,2
DA:33,33
DA:34,15
DA:35,7
DA:36,92
DA:37,21
DA:38,8
DA:39,9
DA:40,9
DA:41,79
DA:42,25
DA:43,3
DA:44,30
DA:45,3
DA:46,63
DA:47,1
DA:48,8
DA:49,23
DA:50,82
DA:51,8
DA:52,25
DA:53,71
DA:54,8
DA:55,18
DA:56,18
DA:57,94
DA:58,2
DA:59,8
DA:60,23
DA:61,18
DA:62,27
DA:63,74
DA:64,2
DA:65,8
DA:66,21
DA:67,18
DA:68,85
DA:69,2
DA:70,8
DA:71,79
DA:72,19
DA:73,19
DA:74,23
DA:75,66
DA:76,2
DA:77,5
DA:78,3
DA:79,30
DA:80,6
DA:81,15
DA:82,36
DA:83,70
DA:84,13
DA:85,114
DA:86,36
DA:87,3
DA:88,3
DA:94,48
DA:95,23
DA:96,23
DA:97,82
DA:98,8
DA:99,23
DA:100,70
DA:101,5
DA:102,7
DA:103,15
DA:104,36
DA:105,42
DA:106,94
DA:107,36
DA:108,3
DA:109,3
DA:114,44
DA:115,38
DA:120,47
DA:121,46
DA:122,2
DA:123,0
DA:125,2
DA:130,48
DA:135,58
DA:140,37
DA:145,57
DA:146,45
LF:104
LH:103
end_of_record
TN:
SF:src/server/routes/aiproxy/upstream.ts
FNF:12
FNH:12
DA:5,14
DA:6,77
DA:13,6
DA:14,10
DA:15,7
DA:16,8
DA:17,11
DA:18,3
DA:19,31
DA:20,24
DA:21,98
DA:22,7
DA:23,21
DA:24,54
DA:25,75
DA:26,1
DA:27,6
DA:28,19
DA:29,39
DA:30,80
DA:31,4
DA:32,34
DA:33,60
DA:34,2
DA:36,31
DA:37,77
DA:38,21
DA:39,18
DA:40,43
DA:41,39
DA:42,8
DA:43,30
DA:44,14
DA:45,55
DA:46,6
DA:47,7
DA:48,19
DA:49,39
DA:50,80
DA:51,4
DA:52,34
DA:53,48
DA:54,2
DA:56,34
DA:57,72
DA:58,21
DA:59,18
DA:60,43
DA:61,28
DA:62,39
DA:63,8
DA:64,30
DA:65,50
DA:66,25
DA:67,55
DA:68,6
DA:69,7
DA:70,19
DA:71,39
DA:72,83
DA:73,4
DA:74,34
DA:75,60
DA:76,2
DA:78,33
DA:80,76
DA:81,21
DA:82,18
DA:83,43
DA:84,39
DA:85,8
DA:86,30
DA:87,40
DA:88,55
DA:89,6
DA:90,7
DA:91,19
DA:92,39
DA:93,82
DA:94,4
DA:95,34
DA:96,48
DA:97,2
DA:99,16
DA:100,91
DA:101,2
DA:108,6
DA:109,10
DA:110,7
DA:111,8
DA:112,11
DA:113,3
DA:114,31
DA:116,24
DA:117,112
DA:118,7
DA:119,21
DA:120,54
DA:121,75
DA:122,1
DA:123,6
DA:124,19
DA:125,39
DA:126,80
DA:127,4
DA:128,87
DA:129,2
DA:131,31
DA:132,77
DA:133,21
DA:134,18
DA:135,43
DA:136,39
DA:137,8
DA:138,30
DA:139,14
DA:140,58
DA:141,18
DA:142,6
DA:143,7
DA:144,19
DA:145,39
DA:146,80
DA:147,4
DA:148,73
DA:149,2
DA:151,34
DA:152,72
DA:153,21
DA:154,18
DA:155,43
DA:156,28
DA:157,39
DA:158,8
DA:159,30
DA:160,50
DA:161,25
DA:162,58
DA:163,18
DA:164,6
DA:165,7
DA:166,19
DA:167,39
DA:168,83
DA:169,4
DA:170,39
DA:171,55
DA:172,1
DA:173,2
DA:175,33
DA:176,76
DA:177,21
DA:178,18
DA:179,43
DA:180,39
DA:181,8
DA:182,30
DA:183,40
DA:184,58
DA:185,18
DA:186,6
DA:187,7
DA:188,19
DA:189,39
DA:190,82
DA:191,4
DA:192,73
DA:193,2
DA:195,16
DA:196,91
DA:197,2
DA:204,6
DA:205,5
DA:206,8
DA:207,3
DA:208,20
DA:209,32
DA:211,38
DA:212,34
DA:213,18
DA:215,17
DA:216,48
DA:217,23
DA:218,54
DA:220,35
DA:221,31
DA:223,32
DA:224,34
DA:225,54
DA:226,46
DA:227,58
DA:228,13
DA:229,50
DA:230,42
DA:231,11
DA:234,2
DA:235,2
DA:237,13
LF:198
LH:198
end_of_record
TN:
SF:src/server/routes/aiproxy/vault.ts
FNF:7
FNH:7
DA:1,30
DA:2,59
DA:3,38
DA:4,54
DA:5,56
DA:6,53
DA:11,28
DA:12,75
DA:14,47
DA:15,46
DA:16,10
DA:17,32
DA:18,2
DA:20,25
DA:21,0
DA:22,0
DA:23,2
DA:25,29
DA:26,67
DA:27,28
DA:28,32
DA:29,29
DA:30,0
DA:31,2
DA:33,47
DA:34,27
DA:35,5
DA:37,14
DA:38,21
DA:39,33
DA:40,2
DA:43,71
DA:45,66
DA:46,92
DA:47,5
DA:49,18
DA:50,9
DA:51,27
DA:52,11
DA:53,34
DA:54,9
DA:55,14
DA:56,25
DA:57,23
DA:58,3
DA:59,48
DA:60,11
DA:61,50
DA:62,12
DA:63,15
DA:64,34
DA:65,9
DA:66,14
DA:67,22
DA:68,7
DA:71,12
DA:72,18
DA:73,81
DA:74,2
DA:80,45
DA:81,47
DA:82,2
DA:83,10
DA:84,32
DA:85,2
DA:87,25
DA:88,0
DA:89,0
DA:90,2
DA:92,24
DA:93,0
DA:94,0
DA:95,0
DA:96,0
DA:97,0
DA:98,2
DA:100,62
DA:101,44
DA:102,5
DA:104,40
DA:105,13
DA:106,19
DA:107,25
DA:108,45
DA:109,47
DA:110,45
DA:111,24
DA:112,5
DA:114,12
DA:115,18
DA:116,24
DA:117,2
DA:123,32
DA:124,35
DA:126,47
DA:127,2
DA:128,10
DA:129,32
DA:130,2
DA:132,25
DA:133,0
DA:134,0
DA:135,2
DA:137,24
DA:138,0
DA:139,0
DA:140,0
DA:141,0
DA:142,0
DA:143,2
DA:145,62
DA:146,92
DA:147,5
DA:149,15
DA:150,21
DA:151,65
DA:152,2
DA:154,46
DA:155,27
DA:156,27
DA:157,9
DA:158,35
DA:159,21
DA:160,3
DA:161,42
DA:162,14
DA:164,12
DA:165,18
DA:166,51
DA:167,37
DA:168,78
DA:169,69
DA:170,1
LF:133
LH:116
end_of_record
TN:
SF:src/server/routes/api.ts
FNF:3
FNH:3
DA:1,32
DA:2,40
DA:3,42
DA:4,51
DA:5,71
DA:6,49
DA:7,74
DA:8,59
DA:9,59
DA:10,40
DA:11,45
DA:12,48
DA:13,51
DA:14,41
DA:15,66
DA:17,26
DA:18,19
DA:19,16
DA:20,18
DA:21,20
DA:22,20
DA:23,21
DA:24,29
DA:25,28
DA:26,33
DA:27,36
DA:28,33
DA:29,25
DA:30,29
DA:31,31
DA:32,43
DA:33,31
DA:34,33
DA:35,32
DA:36,30
DA:37,31
DA:38,30
DA:39,28
DA:40,28
DA:41,27
DA:42,20
DA:43,28
DA:44,26
DA:45,32
DA:46,2
DA:48,60
DA:49,20
DA:50,60
DA:51,61
DA:52,42
DA:53,71
DA:54,2
DA:55,18
DA:56,15
DA:57,20
DA:58,19
DA:59,19
DA:60,26
DA:61,21
DA:62,25
DA:63,19
DA:64,14
DA:65,17
DA:66,18
DA:67,18
DA:68,17
DA:69,18
DA:70,20
DA:71,15
LF:69
LH:69
end_of_record
TN:
SF:src/server/routes/apps/api-key.ts
FNF:4
FNH:3
DA:1,42
DA:9,15
DA:10,50
DA:14,15
DA:15,68
DA:19,11
DA:20,54
DA:24,0
LF:8
LH:7
end_of_record
TN:
SF:src/server/routes/apps/builder.ts
FNF:4
FNH:4
DA:1,30
DA:2,49
DA:3,33
DA:4,42
DA:5,53
DA:6,51
DA:7,75
DA:9,6
DA:10,8
DA:11,3
DA:12,46
DA:13,69
DA:14,28
DA:15,40
DA:18,43
DA:19,51
DA:20,39
DA:21,7
DA:22,43
DA:23,2
DA:26,20
DA:27,51
DA:28,41
DA:29,7
DA:30,43
DA:31,2
DA:34,43
DA:35,11
DA:36,27
DA:37,17
DA:38,16
DA:39,24
DA:40,85
DA:41,42
DA:42,94
DA:43,49
DA:44,3
DA:45,18
DA:46,55
DA:47,0
DA:50,0
DA:53,0
DA:54,0
DA:55,0
DA:56,0
DA:57,0
DA:58,0
DA:59,0
DA:60,0
DA:61,0
DA:62,0
DA:63,0
DA:64,0
DA:65,0
DA:66,0
DA:67,0
DA:68,0
DA:70,1
DA:77,10
DA:78,56
DA:79,22
DA:80,34
DA:81,17
DA:82,14
DA:83,35
DA:84,27
DA:85,59
DA:86,47
DA:87,3
DA:88,16
DA:89,33
DA:92,36
DA:93,25
DA:94,32
DA:95,43
DA:96,37
DA:97,26
DA:98,22
DA:99,25
DA:100,98
DA:101,59
DA:102,5
DA:103,1
LF:83
LH:65
end_of_record
TN:
SF:src/server/routes/apps/disburse.ts
FNF:2
FNH:2
DA:1,30
DA:2,63
DA:3,38
DA:4,50
DA:9,9
DA:10,28
DA:11,6
DA:12,22
DA:13,3
DA:14,81
DA:15,54
DA:16,43
DA:17,5
DA:19,13
DA:20,21
DA:21,41
DA:22,2
DA:26,34
DA:27,21
DA:28,78
DA:29,2
DA:31,63
DA:32,0
DA:33,0
DA:34,2
DA:36,37
DA:37,21
DA:38,54
DA:39,2
DA:41,89
DA:42,21
DA:43,68
DA:44,2
DA:47,80
DA:48,35
DA:49,21
DA:50,14
DA:51,94
DA:52,1
DA:53,2
DA:56,24
DA:57,21
DA:58,9
DA:59,37
DA:60,21
DA:61,3
DA:62,6
DA:63,4
DA:64,28
DA:65,40
DA:66,46
DA:67,1
DA:68,2
DA:69,14
DA:71,19
DA:72,0
DA:73,0
DA:74,2
DA:76,55
DA:77,38
DA:78,5
DA:80,62
DA:81,68
DA:84,15
DA:85,0
DA:86,0
DA:87,0
DA:88,0
DA:89,0
DA:90,2
DA:92,9
DA:93,65
DA:94,48
DA:95,30
DA:96,16
DA:97,62
DA:98,7
DA:100,20
DA:101,34
DA:102,2
DA:103,35
DA:104,2
DA:105,15
DA:107,9
DA:108,21
DA:109,11
DA:110,38
DA:111,38
DA:112,23
DA:113,3
DA:114,38
DA:116,14
DA:117,20
DA:118,27
DA:119,36
DA:120,31
DA:121,1
DA:122,0
DA:124,0
DA:125,0
DA:126,0
DA:127,0
DA:128,0
DA:129,0
DA:130,0
DA:132,0
DA:133,0
LF:107
LH:88
end_of_record
TN:
SF:src/server/routes/apps/mutations.ts
FNF:12
FNH:12
DA:1,30
DA:2,49
DA:4,33
DA:5,42
DA:6,50
DA:7,75
DA:69,45
DA:70,11
DA:71,9
DA:72,9
DA:73,16
DA:74,21
DA:75,16
DA:76,13
DA:77,16
DA:78,13
DA:79,15
DA:80,30
DA:81,24
DA:82,18
DA:83,16
DA:84,29
DA:85,18
DA:86,20
DA:87,19
DA:88,20
DA:89,7
DA:91,59
DA:92,13
DA:93,0
DA:94,0
DA:95,2
DA:98,55
DA:99,28
DA:100,5
DA:101,21
DA:102,21
DA:103,70
DA:104,2
DA:106,56
DA:108,26
DA:109,13
DA:110,12
DA:111,14
DA:112,26
DA:113,36
DA:114,9
DA:115,9
DA:116,16
DA:117,9
DA:118,43
DA:119,41
DA:120,61
DA:121,43
DA:122,43
DA:123,37
DA:124,31
DA:125,52
DA:126,31
DA:127,33
DA:128,40
DA:129,53
DA:130,41
DA:131,34
DA:132,3
DA:133,14
DA:135,38
DA:141,9
DA:142,20
DA:143,7
DA:144,6
DA:145,22
DA:146,3
DA:147,68
DA:148,52
DA:149,27
DA:150,5
DA:152,19
DA:153,21
DA:154,33
DA:155,2
DA:157,61
DA:158,0
DA:159,0
DA:160,2
DA:163,50
DA:164,55
DA:165,35
DA:166,7
DA:167,21
DA:168,23
DA:169,56
DA:170,0
DA:171,2
DA:174,11
DA:175,9
DA:176,9
DA:177,16
DA:178,9
DA:179,16
DA:180,13
DA:181,16
DA:182,13
DA:183,15
DA:184,12
DA:185,24
DA:186,16
DA:187,15
DA:188,15
DA:189,18
DA:190,16
DA:191,18
DA:192,20
DA:193,19
DA:194,20
DA:195,7
DA:197,45
DA:198,50
DA:199,28
DA:200,35
DA:201,28
DA:202,71
DA:203,77
DA:204,39
DA:205,38
DA:206,80
DA:207,35
DA:208,62
DA:209,35
DA:210,32
DA:211,34
DA:212,31
DA:213,43
DA:214,35
DA:215,68
DA:216,34
DA:217,37
DA:219,96
DA:221,39
DA:227,9
DA:228,20
DA:229,6
DA:230,22
DA:231,3
DA:232,68
DA:233,52
DA:234,27
DA:235,5
DA:237,19
DA:238,21
DA:239,33
DA:240,2
DA:242,61
DA:243,0
DA:244,0
DA:245,2
DA:247,50
DA:249,83
DA:255,9
DA:256,20
DA:257,17
DA:258,6
DA:259,22
DA:260,3
DA:261,68
DA:262,54
DA:263,27
DA:264,5
DA:266,21
DA:267,21
DA:268,33
DA:269,2
DA:271,63
DA:272,0
DA:273,0
DA:274,2
DA:276,27
DA:277,13
DA:278,68
DA:279,26
DA:280,14
DA:282,39
DA:288,9
DA:289,20
DA:290,6
DA:291,22
DA:292,3
DA:293,68
DA:294,52
DA:295,27
DA:296,5
DA:298,19
DA:299,21
DA:300,33
DA:301,2
DA:303,61
DA:304,0
DA:305,0
DA:306,2
DA:308,27
DA:309,13
DA:310,71
DA:311,26
DA:312,14
DA:314,39
DA:320,9
DA:321,23
DA:322,5
DA:323,3
DA:324,59
DA:326,13
DA:327,0
DA:328,0
DA:329,2
DA:331,53
DA:332,27
DA:333,17
DA:334,43
DA:335,35
DA:336,14
DA:338,13
DA:339,0
DA:340,0
DA:341,2
DA:343,83
LF:225
LH:210
end_of_record
TN:
SF:src/server/routes/apps/queries.ts
FNF:16
FNH:15
DA:1,30
DA:2,63
DA:3,58
DA:4,51
DA:5,78
DA:25,39
DA:26,68
DA:27,30
DA:28,21
DA:29,41
DA:30,2
DA:31,13
DA:32,0
DA:33,0
DA:34,2
DA:35,12
DA:36,18
DA:37,16
DA:38,21
DA:39,27
DA:40,25
DA:41,44
DA:42,3
DA:43,2
DA:49,41
DA:50,68
DA:53,36
DA:54,0
DA:55,2
DA:57,24
DA:58,61
DA:59,45
DA:60,2
DA:61,24
DA:62,0
DA:63,2
DA:65,50
DA:66,63
DA:67,33
DA:68,5
DA:70,40
DA:76,41
DA:77,24
DA:78,16
DA:79,19
DA:80,28
DA:81,22
DA:82,22
DA:83,4
DA:85,68
DA:87,27
DA:88,61
DA:89,48
DA:90,2
DA:91,24
DA:92,0
DA:93,2
DA:95,20
DA:96,34
DA:97,22
DA:98,24
DA:99,11
DA:100,33
DA:101,33
DA:102,31
DA:103,2
DA:105,61
DA:106,62
DA:108,30
DA:109,38
DA:110,19
DA:111,17
DA:113,29
DA:114,12
DA:115,70
DA:116,68
DA:117,3
DA:118,19
DA:119,6
DA:120,9
DA:121,52
DA:122,0
DA:123,3
DA:125,39
DA:126,38
DA:127,15
DA:128,6
DA:129,14
DA:130,48
DA:131,0
DA:132,3
DA:134,44
DA:135,50
DA:136,57
DA:138,12
DA:139,13
DA:140,16
DA:141,49
DA:142,19
DA:143,43
DA:144,2
DA:150,41
DA:151,24
DA:152,22
DA:153,24
DA:154,16
DA:155,27
DA:156,22
DA:157,17
DA:158,4
DA:160,68
DA:162,27
DA:163,56
DA:164,0
DA:165,2
DA:166,24
DA:167,0
DA:168,2
DA:170,25
DA:171,55
DA:172,11
DA:173,46
DA:175,40
DA:176,29
DA:178,54
DA:179,55
DA:181,25
DA:182,12
DA:183,33
DA:184,71
DA:185,3
DA:186,19
DA:187,6
DA:188,4
DA:189,40
DA:190,62
DA:191,7
DA:192,1
DA:193,4
DA:196,79
DA:197,60
DA:199,26
DA:200,12
DA:201,35
DA:202,61
DA:203,3
DA:204,15
DA:205,61
DA:207,12
DA:208,34
DA:209,24
DA:210,35
DA:211,49
DA:212,48
DA:213,40
DA:214,2
DA:220,30
DA:221,52
DA:222,28
DA:223,5
DA:224,38
DA:230,35
DA:231,47
DA:232,28
DA:233,5
DA:235,14
DA:236,21
DA:237,37
DA:238,2
DA:240,12
DA:241,15
DA:242,19
DA:243,19
DA:244,19
DA:245,33
DA:246,33
DA:247,39
DA:248,52
DA:249,27
DA:250,37
DA:251,44
DA:252,21
DA:253,98
DA:254,39
DA:255,30
DA:256,1
LF:186
LH:177
end_of_record
TN:
SF:src/server/routes/apps/router.ts
FNF:2
FNH:2
DA:1,35
DA:2,53
DA:3,147
DA:11,150
DA:19,44
DA:21,29
DA:22,29
DA:23,3
DA:25,33
DA:26,19
DA:27,19
DA:28,26
DA:29,71
DA:30,24
DA:31,88
DA:32,4
DA:33,26
DA:34,13
DA:35,23
DA:36,24
DA:37,25
DA:38,32
DA:39,32
DA:40,24
DA:41,24
DA:42,15
DA:43,10
DA:44,2
DA:45,4
DA:46,63
DA:47,38
DA:48,38
DA:49,59
DA:50,56
DA:51,59
DA:52,56
DA:53,67
DA:54,55
DA:55,67
DA:56,64
DA:57,58
DA:58,37
DA:59,57
DA:60,3
DA:62,56
DA:64,60
DA:65,34
DA:66,42
DA:67,24
DA:68,2
DA:72,28
DA:73,19
DA:74,13
DA:75,19
DA:76,29
DA:77,13
DA:78,98
DA:79,2
DA:80,2
DA:84,47
DA:85,19
DA:86,13
DA:87,19
DA:88,38
DA:89,13
DA:90,111
DA:91,2
DA:92,2
DA:96,45
DA:97,19
DA:98,13
DA:99,19
DA:100,41
DA:101,13
DA:102,103
DA:103,2
DA:104,2
DA:105,45
DA:106,22
DA:107,85
DA:108,5
DA:109,15
DA:110,14
DA:111,7
DA:112,61
DA:113,30
DA:114,78
DA:115,6
DA:116,3
DA:117,59
DA:118,3
DA:119,4
DA:120,13
DA:121,19
DA:122,39
DA:123,83
DA:124,2
DA:125,2
DA:129,30
DA:130,22
DA:131,13
DA:132,19
DA:133,48
DA:134,89
DA:135,2
DA:136,2
DA:140,37
DA:141,42
DA:142,33
DA:143,13
DA:144,19
DA:145,42
DA:146,2
DA:147,2
DA:151,38
DA:152,42
DA:153,13
DA:154,19
DA:155,28
DA:156,2
DA:157,2
DA:161,42
DA:162,41
DA:163,13
DA:164,19
DA:165,38
DA:166,68
DA:167,2
DA:168,2
DA:172,38
DA:173,13
DA:174,19
DA:175,38
DA:176,13
DA:177,87
DA:178,2
DA:179,2
DA:183,61
DA:184,13
DA:185,19
DA:186,45
DA:187,90
DA:188,2
DA:189,2
DA:193,54
DA:194,42
DA:195,13
DA:196,19
DA:197,34
DA:198,91
DA:199,2
DA:200,2
DA:204,43
DA:205,42
DA:206,20
DA:207,58
DA:208,5
DA:209,13
DA:210,19
DA:211,31
DA:212,58
DA:213,2
DA:214,2
DA:218,52
DA:219,50
DA:220,13
DA:221,27
DA:222,53
DA:223,87
DA:224,2
DA:225,2
LF:171
LH:171
end_of_record
TN:
SF:src/server/routes/badge/router.ts
FNF:5
FNH:5
DA:1,35
DA:2,30
DA:3,39
DA:4,33
DA:5,61
DA:7,59
DA:11,4
DA:12,9
DA:13,33
DA:14,48
DA:15,47
DA:16,33
DA:17,5
DA:19,30
DA:20,25
DA:21,14
DA:22,21
DA:23,31
DA:24,2
DA:26,23
DA:27,11
DA:28,21
DA:29,9
DA:30,2
DA:32,70
DA:34,34
DA:35,49
DA:36,33
DA:38,62
DA:39,304
DA:45,158
DA:49,65
DA:50,239
DA:54,91
DA:57,9
DA:59,63
DA:60,71
DA:61,12
DA:63,3
DA:64,41
DA:65,13
DA:66,25
DA:67,45
DA:68,13
DA:69,83
DA:70,2
DA:72,3
DA:74,62
DA:78,4
DA:79,19
DA:80,37
DA:81,59
DA:83,15
DA:84,21
DA:85,14
DA:86,21
DA:87,29
DA:88,66
DA:89,1
DA:90,2
DA:92,12
DA:93,18
DA:94,6
DA:95,3
DA:97,3
DA:98,45
DA:99,13
DA:100,25
DA:101,44
DA:102,86
DA:103,2
DA:105,2
DA:110,4
DA:111,12
DA:112,16
DA:113,3207
DA:202,9
DA:204,72
DA:205,56
DA:206,15
DA:208,3
DA:209,13
DA:210,25
DA:211,47
DA:212,93
DA:213,2
DA:215,2
LF:87
LH:87
end_of_record
TN:
SF:src/server/routes/checkout/handlers.ts
FNF:14
FNH:12
DA:1,30
DA:2,63
DA:3,56
DA:5,55
DA:6,54
DA:7,52
DA:8,28
DA:10,56
DA:11,50
DA:12,62
DA:13,76
DA:14,75
DA:19,33
DA:20,46
DA:26,21
DA:27,21
DA:28,57
DA:29,2
DA:31,52
DA:32,10
DA:33,47
DA:34,50
DA:35,31
DA:36,3
DA:37,5
DA:39,13
DA:40,21
DA:41,45
DA:42,2
DA:44,47
DA:45,30
DA:46,5
DA:52,4
DA:53,19
DA:54,34
DA:55,25
DA:56,24
DA:57,5
DA:58,77
DA:59,69
DA:60,61
DA:61,37
DA:62,7
DA:63,31
DA:64,2
DA:67,51
DA:68,42
DA:69,5
DA:71,41
DA:72,54
DA:73,43
DA:74,41
DA:75,0
DA:76,0
DA:77,2
DA:78,87
DA:80,22
DA:81,49
DA:82,2
DA:85,63
DA:86,62
DA:88,21
DA:89,0
DA:90,0
DA:91,2
DA:94,34
DA:95,72
DA:97,12
DA:98,18
DA:99,53
DA:100,25
DA:101,36
DA:102,11
DA:103,60
DA:104,29
DA:105,2
DA:111,41
DA:112,26
DA:113,10
DA:114,0
DA:115,0
DA:116,2
DA:119,70
DA:120,16
DA:121,0
DA:122,0
DA:123,2
DA:125,52
DA:126,10
DA:127,27
DA:128,41
DA:129,42
DA:130,3
DA:131,5
DA:133,8
DA:134,0
DA:135,0
DA:136,2
DA:138,16
DA:139,18
DA:140,58
DA:143,68
DA:144,0
DA:145,0
DA:146,0
DA:147,0
DA:148,0
DA:149,0
DA:151,0
DA:152,0
DA:153,0
DA:154,0
DA:157,0
DA:158,0
DA:159,0
DA:160,0
DA:161,0
DA:162,0
DA:163,0
DA:164,0
DA:165,0
DA:166,0
DA:169,0
DA:170,0
DA:171,0
DA:172,0
DA:173,0
DA:174,0
DA:175,0
DA:176,0
DA:177,0
DA:178,0
DA:179,0
DA:180,0
DA:181,0
DA:183,0
DA:184,0
DA:185,0
DA:186,0
DA:187,0
DA:188,0
DA:189,0
DA:190,0
DA:191,0
DA:194,2
DA:196,24
DA:197,37
DA:201,33
DA:202,43
DA:203,55
DA:204,46
DA:205,9
DA:206,41
DA:207,2
DA:208,2
DA:210,35
DA:211,0
DA:212,0
DA:213,0
DA:214,0
DA:215,0
DA:216,0
DA:217,0
DA:218,0
DA:219,0
DA:220,0
DA:221,0
DA:222,0
DA:223,0
DA:224,0
DA:225,0
DA:226,0
DA:227,0
DA:228,0
DA:229,0
DA:230,0
DA:231,0
DA:232,0
DA:233,2
DA:235,12
DA:236,18
DA:237,25
DA:238,36
DA:239,36
DA:240,27
DA:241,31
DA:242,15
DA:243,22
DA:244,14
DA:245,16
DA:246,34
DA:247,2
DA:253,0
DA:254,0
DA:255,0
DA:256,0
DA:257,0
DA:258,0
DA:259,0
DA:260,0
DA:261,0
DA:262,0
DA:263,0
DA:264,0
DA:265,0
DA:266,0
DA:267,0
DA:268,1
DA:274,23
DA:275,45
DA:277,75
DA:278,14
DA:279,21
DA:280,58
DA:281,2
DA:283,51
DA:284,77
DA:285,18
DA:286,0
DA:287,0
DA:288,2
DA:290,12
DA:291,16
DA:292,82
DA:293,44
DA:294,42
DA:295,70
DA:296,2
DA:302,28
DA:303,69
DA:304,35
DA:305,38
DA:306,36
DA:307,2
DA:309,24
DA:312,24
DA:313,0
DA:314,31
DA:315,0
DA:316,3
DA:318,15
DA:319,49
DA:320,0
DA:321,0
DA:322,0
DA:323,0
DA:324,0
DA:325,0
DA:326,0
DA:327,0
DA:328,0
DA:329,0
DA:330,0
DA:331,3
DA:333,62
DA:335,63
DA:337,28
DA:338,38
DA:339,19
DA:340,21
DA:342,37
DA:344,54
DA:345,23
DA:346,50
DA:347,28
DA:348,27
DA:349,5
DA:351,12
DA:352,18
DA:353,25
DA:354,44
DA:355,2
DA:361,14
DA:362,27
DA:363,48
DA:364,17
DA:365,22
DA:366,3
DA:372,44
DA:373,54
DA:374,34
DA:375,5
DA:377,13
DA:378,21
DA:379,45
DA:380,2
DA:386,47
DA:387,46
DA:388,34
DA:390,13
DA:391,0
DA:392,0
DA:393,0
DA:394,0
DA:395,0
DA:396,0
DA:397,0
DA:398,0
DA:399,2
DA:402,80
DA:403,35
DA:404,21
DA:405,83
DA:406,2
DA:408,37
DA:409,61
DA:410,44
DA:411,7
DA:412,14
DA:413,20
DA:414,60
DA:415,39
DA:416,1
DA:417,2
DA:420,75
DA:421,56
DA:423,54
DA:424,42
DA:425,5
DA:426,46
DA:427,73
DA:429,12
DA:430,18
DA:431,64
DA:432,25
DA:433,43
DA:434,19
DA:435,15
DA:436,1
LF:329
LH:217
end_of_record
TN:
SF:src/server/routes/checkout/router.ts
FNF:3
FNH:3
DA:1,35
DA:2,53
DA:3,65
DA:4,55
DA:5,48
DA:6,177
DA:17,32
DA:18,12
DA:19,13
DA:20,19
DA:21,16
DA:22,12
DA:23,14
DA:24,2
DA:26,65
DA:28,60
DA:29,65
DA:30,42
DA:31,24
DA:32,2
DA:36,73
DA:37,88
DA:41,41
DA:42,20
DA:43,34
DA:44,36
DA:45,33
DA:46,43
DA:47,77
DA:48,97
DA:49,52
DA:50,35
DA:51,33
DA:52,49
DA:53,55
DA:54,42
DA:55,39
DA:56,54
DA:57,40
DA:58,56
DA:59,40
DA:60,34
DA:61,5
DA:62,13
DA:63,27
DA:64,47
DA:65,13
DA:66,90
DA:67,2
DA:68,2
DA:72,48
DA:73,41
DA:74,54
DA:75,13
DA:76,27
DA:77,31
DA:78,2
DA:79,2
DA:83,41
DA:84,55
DA:85,13
DA:86,27
DA:87,36
DA:88,2
DA:89,2
DA:93,38
DA:97,48
DA:98,20
DA:99,22
DA:100,58
DA:101,46
DA:102,5
DA:103,13
DA:104,27
DA:105,39
DA:106,13
DA:107,108
DA:108,2
DA:109,2
DA:113,48
DA:114,21
DA:115,34
DA:116,50
DA:117,70
DA:118,5
DA:119,13
DA:120,27
DA:121,34
DA:122,2
DA:123,2
DA:127,45
DA:128,41
DA:129,13
DA:130,27
DA:131,40
DA:132,2
DA:133,2
DA:137,52
DA:138,41
DA:139,13
DA:140,27
DA:141,66
DA:142,2
DA:143,2
LF:104
LH:104
end_of_record
TN:
SF:src/server/routes/checkout/session.ts
FNF:6
FNH:4
DA:1,30
DA:2,63
DA:3,38
DA:4,50
DA:5,54
DA:6,56
DA:7,55
DA:8,52
DA:9,78
DA:10,62
DA:11,58
DA:12,42
DA:14,50
DA:16,0
DA:17,2
DA:22,32
DA:23,9
DA:26,72
DA:27,23
DA:28,23
DA:29,87
DA:30,4
DA:32,56
DA:33,13
DA:34,12
DA:35,14
DA:36,11
DA:37,13
DA:38,19
DA:39,20
DA:40,17
DA:41,33
DA:42,18
DA:43,17
DA:44,18
DA:45,30
DA:46,15
DA:47,13
DA:48,12
DA:49,9
DA:52,77
DA:54,65
DA:55,25
DA:56,13
DA:57,80
DA:58,5
DA:59,5
DA:61,54
DA:62,29
DA:63,23
DA:64,55
DA:65,4
DA:68,47
DA:69,40
DA:70,7
DA:72,9
DA:73,0
DA:74,0
DA:75,0
DA:76,4
DA:78,9
DA:79,0
DA:80,0
DA:81,4
DA:83,48
DA:87,34
DA:88,25
DA:89,27
DA:90,33
DA:91,33
DA:92,41
DA:95,87
DA:96,0
DA:97,0
DA:98,0
DA:99,0
DA:100,0
DA:101,0
DA:102,4
DA:104,75
DA:105,35
DA:106,0
DA:107,0
DA:108,4
DA:111,70
DA:112,62
DA:113,69
DA:114,11
DA:115,32
DA:116,39
DA:117,45
DA:118,7
DA:119,9
DA:121,27
DA:122,25
DA:123,18
DA:124,25
DA:125,84
DA:126,1
DA:127,6
DA:129,44
DA:130,35
DA:131,3
DA:132,58
DA:133,8
DA:134,60
DA:135,2
DA:136,15
DA:137,61
DA:138,33
DA:139,57
DA:141,64
DA:142,60
DA:144,65
DA:145,24
DA:146,21
DA:147,18
DA:148,19
DA:149,24
DA:150,35
DA:151,36
DA:152,39
DA:153,33
DA:154,31
DA:155,25
DA:156,25
DA:157,23
DA:158,32
DA:159,42
DA:160,31
DA:161,39
DA:162,3
DA:163,20
DA:165,25
DA:166,17
DA:167,18
DA:168,20
DA:169,24
DA:170,32
DA:171,31
DA:172,21
DA:173,27
DA:174,20
DA:175,66
DA:176,27
DA:177,3
DA:178,20
DA:180,38
DA:181,8
DA:183,26
DA:184,0
DA:185,0
DA:186,0
DA:187,0
DA:188,0
DA:189,0
DA:190,0
DA:191,0
DA:192,0
DA:193,0
DA:194,0
DA:195,0
DA:196,0
DA:197,0
DA:198,0
DA:199,0
DA:200,0
DA:201,0
DA:203,6
DA:205,46
DA:206,18
DA:207,26
DA:208,19
DA:209,18
DA:210,28
DA:211,57
DA:212,55
DA:213,42
DA:214,2
DA:215,16
DA:216,7
DA:217,16
DA:219,16
DA:220,22
DA:221,22
DA:222,35
DA:223,34
DA:224,19
DA:225,43
DA:226,79
DA:227,13
DA:228,15
DA:229,19
DA:230,66
DA:231,1
DA:232,4
DA:235,75
DA:236,18
DA:237,71
DA:242,97
DA:245,42
DA:246,59
DA:249,18
DA:250,14
DA:251,9
DA:252,64
DA:253,8
DA:254,3
DA:255,36
DA:258,27
DA:259,27
DA:260,28
DA:261,22
DA:262,87
DA:263,33
DA:264,25
DA:265,18
DA:266,62
DA:267,41
DA:268,1
DA:269,6
DA:270,35
DA:271,56
DA:272,56
DA:273,4
DA:276,75
DA:277,0
DA:279,0
DA:280,0
DA:281,0
DA:282,0
DA:283,0
DA:284,0
DA:285,4
DA:288,66
DA:289,23
DA:290,0
DA:291,0
DA:292,0
DA:293,0
DA:294,4
DA:297,35
DA:300,48
DA:301,53
DA:303,56
DA:304,62
DA:306,55
DA:307,17
DA:308,26
DA:309,24
DA:310,61
DA:311,61
DA:312,90
DA:313,29
DA:314,30
DA:315,33
DA:316,32
DA:317,24
DA:318,7
DA:323,79
DA:324,45
DA:325,40
DA:326,44
DA:327,105
DA:330,21
DA:331,32
DA:332,2
DA:333,34
DA:334,8
DA:335,10
DA:338,25
DA:339,21
DA:340,14
DA:341,15
DA:342,20
DA:343,31
DA:344,39
DA:345,37
DA:346,33
DA:347,35
DA:348,35
DA:349,27
DA:350,18
DA:351,18
DA:352,16
DA:353,35
DA:354,39
DA:355,21
DA:356,31
DA:357,36
DA:358,16
DA:359,19
DA:360,13
DA:361,3
DA:362,16
DA:366,50
DA:371,18
DA:372,61
DA:373,14
DA:374,0
DA:375,0
DA:376,0
DA:377,0
DA:378,0
DA:379,0
DA:380,0
DA:381,4
DA:382,4
DA:384,14
DA:385,20
DA:386,15
DA:387,28
DA:388,27
DA:389,40
DA:390,32
DA:391,37
DA:392,77
DA:393,32
DA:394,37
DA:395,43
DA:396,43
DA:397,39
DA:398,33
DA:399,18
DA:400,8
DA:401,30
DA:402,25
DA:403,30
DA:404,19
DA:405,35
DA:406,41
DA:407,41
DA:408,37
DA:409,31
DA:410,38
DA:411,26
DA:412,16
DA:413,21
DA:414,22
DA:415,16
DA:416,31
DA:417,57
DA:418,18
DA:419,36
DA:420,1
DA:421,0
DA:422,0
DA:423,0
DA:424,0
DA:425,0
DA:426,0
DA:427,0
DA:428,0
DA:429,0
DA:430,0
DA:432,0
DA:433,0
DA:436,0
DA:437,0
DA:438,0
DA:439,0
DA:440,0
DA:441,0
DA:442,0
DA:443,0
DA:444,0
DA:445,0
DA:446,0
DA:447,0
DA:448,0
DA:449,0
DA:450,0
DA:451,0
LF:373
LH:295
end_of_record
TN:
SF:src/server/routes/coupons/router.ts
FNF:17
FNH:15
DA:1,35
DA:2,30
DA:3,62
DA:4,68
DA:5,42
DA:6,53
DA:7,56
DA:8,72
DA:15,62
DA:16,54
DA:17,42
DA:18,24
DA:19,2
DA:23,4
DA:24,4
DA:25,39
DA:26,68
DA:27,24
DA:29,29
DA:30,29
DA:31,24
DA:32,11
DA:33,42
DA:34,36
DA:35,47
DA:36,0
DA:37,0
DA:38,0
DA:39,0
DA:40,0
DA:41,0
DA:42,0
DA:43,2
DA:45,16
DA:46,0
DA:47,26
DA:48,25
DA:49,24
DA:50,11
DA:51,37
DA:52,25
DA:53,0
DA:54,4
DA:55,16
DA:56,8
DA:57,15
DA:58,22
DA:59,1
DA:60,4
DA:61,3
DA:63,50
DA:64,63
DA:65,48
DA:66,12
DA:67,5
DA:69,61
DA:71,3
DA:72,21
DA:73,34
DA:74,70
DA:75,5
DA:76,13
DA:77,27
DA:78,34
DA:79,2
DA:81,2
DA:87,4
DA:88,9
DA:89,39
DA:90,66
DA:91,55
DA:92,68
DA:94,27
DA:95,29
DA:96,23
DA:97,24
DA:98,11
DA:99,42
DA:100,31
DA:101,38
DA:102,16
DA:103,22
DA:104,13
DA:105,28
DA:106,28
DA:107,18
DA:108,20
DA:109,1
DA:110,0
DA:111,2
DA:113,26
DA:114,39
DA:115,36
DA:116,4
DA:118,18
DA:119,0
DA:120,2
DA:122,16
DA:123,0
DA:124,26
DA:125,25
DA:126,24
DA:127,11
DA:128,37
DA:129,25
DA:130,0
DA:131,0
DA:132,0
DA:133,0
DA:134,0
DA:135,0
DA:136,0
DA:137,0
DA:138,4
DA:139,18
DA:140,8
DA:141,20
DA:142,22
DA:143,1
DA:144,4
DA:145,3
DA:147,40
DA:150,23
DA:151,12
DA:152,82
DA:153,36
DA:154,78
DA:155,69
DA:156,3
DA:157,19
DA:158,16
DA:159,59
DA:160,61
DA:163,26
DA:164,12
DA:165,41
DA:166,75
DA:167,3
DA:168,19
DA:169,18
DA:172,28
DA:173,12
DA:174,34
DA:175,36
DA:176,75
DA:177,3
DA:178,19
DA:179,16
DA:180,33
DA:181,28
DA:182,11
DA:184,12
DA:185,18
DA:186,9
DA:187,52
DA:188,49
DA:189,10
DA:190,12
DA:191,3
DA:193,3
DA:194,21
DA:195,48
DA:196,34
DA:197,70
DA:198,5
DA:199,13
DA:200,27
DA:201,39
DA:202,13
DA:203,90
DA:204,2
DA:206,2
DA:211,5
DA:212,4
DA:213,43
DA:214,79
DA:215,68
DA:217,25
DA:218,0
DA:219,0
DA:220,2
DA:223,29
DA:224,67
DA:225,28
DA:226,32
DA:227,45
DA:228,0
DA:229,2
DA:231,75
DA:232,14
DA:233,21
DA:234,49
DA:235,2
DA:237,51
DA:238,47
DA:239,0
DA:240,0
DA:241,0
DA:242,0
DA:243,0
DA:244,0
DA:245,2
DA:247,49
DA:248,0
DA:249,0
DA:250,2
DA:252,52
DA:253,72
DA:254,5
DA:255,15
DA:256,21
DA:257,86
DA:258,2
DA:260,27
DA:261,16
DA:262,12
DA:263,48
DA:264,25
DA:265,10
DA:266,20
DA:267,19
DA:268,32
DA:269,16
DA:270,3
DA:271,14
DA:273,43
DA:275,3
DA:276,20
DA:277,22
DA:278,52
DA:279,60
DA:280,57
DA:281,35
DA:282,5
DA:283,13
DA:284,27
DA:285,38
DA:286,72
DA:287,2
DA:289,2
DA:294,6
DA:295,13
DA:296,65
DA:297,68
DA:299,25
DA:300,0
DA:301,0
DA:302,2
DA:305,24
DA:306,0
DA:307,0
DA:308,0
DA:309,0
DA:310,0
DA:311,2
DA:313,45
DA:314,72
DA:315,90
DA:317,27
DA:318,16
DA:319,16
DA:320,32
DA:321,14
DA:323,18
DA:324,21
DA:325,52
DA:326,2
DA:328,43
DA:330,3
DA:331,45
DA:332,20
DA:333,38
DA:334,54
DA:335,5
DA:336,13
DA:337,27
DA:338,50
DA:339,2
DA:341,2
DA:346,7
DA:347,13
DA:348,59
DA:349,68
DA:351,25
DA:352,0
DA:353,0
DA:354,2
DA:357,29
DA:358,73
DA:359,28
DA:360,32
DA:361,45
DA:362,0
DA:363,2
DA:365,89
DA:367,18
DA:368,21
DA:369,52
DA:370,2
DA:372,69
DA:374,3
DA:375,45
DA:376,13
DA:377,27
DA:378,26
DA:379,2
DA:381,2
LF:307
LH:266
end_of_record
TN:
SF:src/server/routes/health.ts
FNF:4
FNH:3
DA:1,32
DA:2,36
DA:3,35
DA:5,61
DA:6,4
DA:7,4
DA:8,8
DA:9,27
DA:10,18
DA:11,9
DA:12,145
DA:17,27
DA:18,39
DA:19,0
DA:20,2
DA:23,12
DA:24,17
DA:25,21
DA:26,40
DA:27,11
DA:28,23
DA:29,32
DA:30,44
DA:31,44
DA:32,10
DA:33,3
DA:34,3
DA:36,3
DA:37,13
DA:38,21
DA:39,28
DA:40,80
DA:41,2
DA:43,2
DA:45,4
DA:46,8
DA:47,0
DA:48,0
DA:49,0
DA:50,0
DA:51,0
DA:52,0
DA:53,0
DA:54,0
DA:55,0
DA:56,0
DA:57,0
DA:58,0
DA:59,0
DA:60,0
DA:61,0
DA:62,0
DA:63,0
DA:64,0
DA:65,0
DA:66,0
DA:67,0
DA:68,0
DA:69,0
DA:70,0
DA:71,0
DA:72,0
DA:73,0
DA:74,0
DA:75,0
DA:76,0
DA:77,0
DA:78,0
DA:79,0
DA:80,0
DA:81,0
DA:82,0
DA:83,0
DA:84,0
DA:85,0
DA:86,0
DA:87,0
DA:88,0
DA:89,0
DA:90,0
DA:91,0
DA:92,0
DA:93,0
DA:94,0
DA:95,0
DA:96,0
DA:97,0
DA:98,0
DA:99,0
DA:100,0
DA:101,0
DA:102,0
DA:103,0
DA:104,0
DA:105,0
DA:106,0
DA:107,0
DA:108,0
DA:109,0
DA:110,0
DA:111,0
DA:112,0
DA:113,0
DA:114,0
DA:115,0
DA:116,0
DA:117,0
DA:118,0
DA:119,0
DA:120,0
DA:121,0
DA:122,0
DA:123,0
DA:124,0
DA:125,0
DA:126,0
DA:127,0
DA:128,0
DA:129,0
DA:130,2
DA:132,3
DA:133,13
DA:134,21
DA:135,43
DA:136,13
DA:137,114
DA:138,2
DA:140,2
LF:128
LH:44
end_of_record
TN:
SF:src/server/routes/launch.ts
FNF:4
FNH:4
DA:1,35
DA:2,58
DA:3,50
DA:4,55
DA:6,61
DA:7,54
DA:8,42
DA:9,24
DA:10,2
DA:14,5
DA:15,19
DA:16,43
DA:17,68
DA:18,25
DA:19,0
DA:20,0
DA:21,2
DA:23,9
DA:24,62
DA:25,34
DA:26,50
DA:27,34
DA:28,29
DA:29,11
DA:30,7
DA:32,14
DA:33,20
DA:34,45
DA:35,15
DA:36,38
DA:37,32
DA:38,32
DA:39,48
DA:40,38
DA:41,48
DA:42,27
DA:43,5
DA:44,2
DA:45,17
DA:46,21
DA:47,14
DA:48,21
DA:49,37
DA:50,70
DA:51,3
DA:54,3
DA:55,20
DA:56,27
DA:57,59
DA:58,36
DA:59,5
DA:60,13
DA:61,25
DA:62,45
DA:63,85
DA:64,2
DA:66,2
LF:57
LH:55
end_of_record
TN:
SF:src/server/routes/licensing/admin.ts
FNF:19
FNH:16
DA:1,30
DA:2,71
DA:10,52
DA:12,56
DA:13,55
DA:14,52
DA:15,57
DA:16,56
DA:17,73
DA:18,75
DA:19,43
DA:72,28
DA:73,69
DA:74,35
DA:75,38
DA:76,38
DA:77,34
DA:79,24
DA:82,24
DA:83,0
DA:84,0
DA:85,0
DA:86,0
DA:87,0
DA:88,0
DA:89,0
DA:90,0
DA:91,0
DA:92,0
DA:93,0
DA:94,0
DA:95,0
DA:96,31
DA:97,0
DA:98,3
DA:100,15
DA:101,45
DA:102,15
DA:103,0
DA:104,0
DA:105,0
DA:106,0
DA:107,0
DA:108,0
DA:109,0
DA:110,0
DA:111,0
DA:112,0
DA:113,3
DA:115,62
DA:117,74
DA:119,28
DA:120,38
DA:121,15
DA:122,21
DA:124,37
DA:126,54
DA:127,23
DA:128,52
DA:129,28
DA:130,27
DA:131,5
DA:134,48
DA:135,23
DA:136,23
DA:137,48
DA:138,61
DA:139,55
DA:140,2
DA:141,2
DA:142,39
DA:143,38
DA:144,63
DA:145,19
DA:146,48
DA:147,2
DA:148,61
DA:149,8
DA:150,63
DA:151,53
DA:152,5
DA:154,12
DA:155,18
DA:156,41
DA:157,48
DA:158,2
DA:161,9
DA:162,7
DA:163,10
DA:164,5
DA:169,3
DA:170,47
DA:171,46
DA:172,10
DA:173,32
DA:174,2
DA:176,25
DA:177,0
DA:178,0
DA:179,2
DA:182,29
DA:183,72
DA:184,28
DA:185,46
DA:186,45
DA:187,0
DA:188,2
DA:190,41
DA:192,53
DA:193,22
DA:194,38
DA:195,30
DA:196,28
DA:197,28
DA:198,36
DA:199,28
DA:200,51
DA:201,16
DA:202,54
DA:203,4
DA:204,11
DA:205,5
DA:207,12
DA:208,18
DA:209,28
DA:210,37
DA:211,2
DA:214,9
DA:215,7
DA:216,10
DA:217,5
DA:222,3
DA:223,30
DA:224,47
DA:225,46
DA:226,10
DA:227,32
DA:228,2
DA:230,25
DA:231,0
DA:232,0
DA:233,2
DA:236,29
DA:237,76
DA:238,28
DA:239,32
DA:240,29
DA:241,0
DA:242,2
DA:244,61
DA:246,25
DA:247,21
DA:248,37
DA:249,2
DA:251,12
DA:252,18
DA:253,28
DA:254,44
DA:255,25
DA:256,2
DA:259,9
DA:260,7
DA:261,5
DA:265,3
DA:266,26
DA:268,47
DA:269,21
DA:270,73
DA:271,2
DA:273,51
DA:274,43
DA:275,5
DA:277,14
DA:278,21
DA:279,75
DA:280,2
DA:282,79
DA:283,52
DA:284,63
DA:286,12
DA:287,18
DA:288,10
DA:289,60
DA:290,21
DA:291,37
DA:292,29
DA:293,9
DA:294,2
DA:297,33
DA:298,35
DA:299,38
DA:300,38
DA:301,35
DA:303,43
DA:304,44
DA:307,30
DA:308,46
DA:309,2
DA:311,27
DA:312,53
DA:313,67
DA:314,7
DA:315,16
DA:316,23
DA:317,59
DA:318,4
DA:319,13
DA:320,0
DA:321,0
DA:322,0
DA:323,0
DA:324,0
DA:325,4
DA:326,33
DA:327,33
DA:328,26
DA:329,34
DA:330,12
DA:331,10
DA:332,2
DA:333,2
DA:335,22
DA:336,91
DA:337,85
DA:338,26
DA:339,23
DA:340,60
DA:341,4
DA:342,33
DA:343,20
DA:344,26
DA:345,34
DA:346,12
DA:347,10
DA:348,2
DA:349,0
DA:352,0
DA:353,0
DA:354,0
DA:355,0
DA:356,0
DA:357,0
DA:358,0
DA:359,0
DA:360,0
DA:361,0
DA:362,0
DA:363,0
DA:364,0
DA:365,0
DA:366,0
DA:367,0
DA:369,0
DA:370,0
DA:371,0
DA:372,0
DA:373,0
DA:374,1
DA:377,32
DA:378,58
DA:380,55
DA:381,21
DA:382,63
DA:383,2
DA:385,51
DA:386,51
DA:387,5
DA:389,14
DA:390,21
DA:391,59
DA:392,2
DA:394,47
DA:395,31
DA:396,5
DA:398,47
DA:399,44
DA:400,2
DA:402,60
DA:403,0
DA:404,0
DA:405,2
DA:407,49
DA:408,38
DA:409,34
DA:410,0
DA:411,0
DA:412,0
DA:413,0
DA:414,0
DA:415,0
DA:416,0
DA:417,0
DA:418,0
DA:419,0
DA:420,0
DA:421,0
DA:422,0
DA:423,0
DA:424,0
DA:425,0
DA:426,0
DA:427,16
DA:429,71
DA:431,2
DA:433,62
DA:434,70
DA:435,51
DA:437,27
DA:438,17
DA:439,9
DA:440,21
DA:441,24
DA:442,21
DA:443,3
DA:444,31
DA:445,14
DA:447,41
DA:449,26
DA:450,19
DA:451,5
DA:452,22
DA:453,31
DA:454,21
DA:455,31
DA:456,33
DA:457,11
DA:458,3
DA:459,64
DA:460,4
DA:462,50
DA:463,21
DA:464,21
DA:465,31
DA:466,33
DA:467,14
DA:468,75
DA:469,5
DA:471,12
DA:472,18
DA:473,79
DA:474,38
DA:475,28
DA:476,30
DA:477,18
DA:478,1
LF:345
LH:269
end_of_record
TN:
SF:src/server/routes/licensing/adminWebhooks.ts
FNF:20
FNH:20
DA:1,30
DA:2,80
DA:3,42
DA:4,42
DA:5,73
DA:6,56
DA:11,17
DA:12,68
DA:13,25
DA:14,0
DA:15,2
DA:16,28
DA:19,26
DA:20,35
DA:21,59
DA:22,21
DA:23,0
DA:24,0
DA:25,2
DA:26,37
DA:27,0
DA:28,0
DA:29,2
DA:31,15
DA:32,24
DA:33,23
DA:34,59
DA:35,47
DA:36,7
DA:37,61
DA:38,22
DA:39,57
DA:40,38
DA:41,7
DA:42,4
DA:43,59
DA:44,41
DA:45,8
DA:46,57
DA:47,52
DA:48,5
DA:49,0
DA:50,2
DA:53,59
DA:56,32
DA:57,35
DA:58,59
DA:59,21
DA:60,0
DA:61,0
DA:62,2
DA:64,92
DA:65,21
DA:66,0
DA:67,0
DA:68,2
DA:70,46
DA:71,21
DA:72,80
DA:73,2
DA:74,36
DA:75,34
DA:76,33
DA:77,6
DA:78,30
DA:79,23
DA:80,78
DA:81,2
DA:82,2
DA:84,67
DA:85,18
DA:86,30
DA:87,24
DA:88,33
DA:89,5
DA:91,44
DA:94,40
DA:95,35
DA:96,59
DA:97,21
DA:98,0
DA:99,0
DA:100,2
DA:102,64
DA:103,43
DA:104,5
DA:105,19
DA:106,21
DA:107,59
DA:108,2
DA:109,62
DA:110,0
DA:111,0
DA:112,2
DA:113,36
DA:114,34
DA:115,33
DA:116,6
DA:117,30
DA:118,23
DA:119,78
DA:120,0
DA:121,2
DA:123,82
DA:124,18
DA:125,24
DA:126,25
DA:127,5
DA:128,43
DA:131,34
DA:132,35
DA:133,59
DA:134,21
DA:135,0
DA:136,0
DA:137,2
DA:139,64
DA:140,43
DA:141,5
DA:142,19
DA:143,21
DA:144,59
DA:145,2
DA:146,62
DA:147,0
DA:148,0
DA:149,2
DA:151,63
DA:152,63
DA:155,34
DA:156,35
DA:157,59
DA:158,21
DA:159,0
DA:160,0
DA:161,2
DA:163,64
DA:164,43
DA:165,5
DA:166,19
DA:167,21
DA:168,59
DA:169,2
DA:170,62
DA:171,0
DA:172,0
DA:173,2
DA:175,85
DA:176,43
DA:179,34
DA:180,35
DA:181,59
DA:182,21
DA:183,0
DA:184,0
DA:185,2
DA:187,64
DA:188,43
DA:189,5
DA:190,19
DA:191,21
DA:192,59
DA:193,2
DA:194,62
DA:195,0
DA:196,0
DA:197,2
DA:199,21
DA:200,26
DA:201,40
DA:202,71
DA:203,4
DA:204,42
DA:205,28
DA:206,26
DA:207,12
DA:208,48
DA:209,28
DA:210,26
DA:211,12
DA:212,61
DA:213,22
DA:214,16
DA:215,23
DA:216,3
DA:217,14
DA:219,55
DA:220,60
LF:188
LH:161
end_of_record
TN:
SF:src/server/routes/licensing/credits.ts
FNF:8
FNH:8
DA:1,30
DA:2,63
DA:3,47
DA:4,56
DA:5,55
DA:6,52
DA:7,57
DA:8,62
DA:9,43
DA:18,6
DA:19,12
DA:20,6
DA:21,12
DA:22,3
DA:23,51
DA:24,51
DA:25,5
DA:27,14
DA:28,14
DA:29,16
DA:30,18
DA:31,34
DA:32,36
DA:33,1
DA:34,2
DA:36,33
DA:37,14
DA:38,16
DA:39,18
DA:40,38
DA:41,39
DA:42,1
DA:43,2
DA:45,55
DA:46,92
DA:47,2
DA:49,29
DA:50,17
DA:51,16
DA:52,18
DA:53,20
DA:54,32
DA:55,45
DA:56,1
DA:57,4
DA:58,63
DA:59,70
DA:60,11
DA:61,42
DA:62,50
DA:63,5
DA:64,7
DA:65,82
DA:66,37
DA:67,16
DA:68,18
DA:69,20
DA:70,39
DA:71,67
DA:72,1
DA:73,2
DA:74,2
DA:76,34
DA:79,32
DA:80,36
DA:82,80
DA:83,21
DA:84,21
DA:85,49
DA:86,2
DA:88,63
DA:89,18
DA:90,29
DA:91,69
DA:92,2
DA:94,66
DA:95,71
DA:98,32
DA:99,63
DA:101,80
DA:102,21
DA:103,21
DA:104,49
DA:105,2
DA:107,62
DA:108,18
DA:109,29
DA:110,69
DA:111,2
DA:113,41
DA:114,5
DA:115,31
DA:116,30
DA:117,43
DA:118,3
DA:119,8
DA:120,5
DA:121,33
DA:122,57
DA:123,1
DA:124,4
DA:126,20
DA:127,52
DA:128,45
DA:129,59
DA:130,30
DA:131,28
DA:132,22
DA:133,18
DA:134,79
DA:135,9
DA:136,26
DA:137,24
DA:138,9
DA:139,35
DA:140,44
DA:141,34
DA:142,28
DA:143,22
DA:144,15
DA:145,3
DA:146,46
DA:147,6
DA:148,4
DA:149,62
DA:150,73
DA:151,2
DA:153,77
DA:156,32
DA:157,43
DA:159,79
DA:160,21
DA:161,21
DA:162,49
DA:163,2
DA:165,63
DA:166,18
DA:167,29
DA:168,69
DA:169,2
DA:171,50
DA:172,46
DA:173,53
DA:174,5
DA:176,42
LF:145
LH:145
end_of_record
TN:
SF:src/server/routes/licensing/device.ts
FNF:22
FNH:22
DA:1,30
DA:2,99
DA:3,47
DA:4,56
DA:5,66
DA:6,55
DA:7,118
DA:12,52
DA:13,57
DA:14,62
DA:15,42
DA:16,56
DA:17,57
DA:18,50
DA:19,43
DA:63,13
DA:64,37
DA:65,55
DA:67,72
DA:68,21
DA:69,21
DA:70,14
DA:71,21
DA:72,87
DA:73,1
DA:74,2
DA:76,51
DA:77,51
DA:78,5
DA:80,14
DA:81,21
DA:82,57
DA:83,2
DA:85,29
DA:86,21
DA:87,69
DA:88,2
DA:90,33
DA:91,21
DA:92,60
DA:93,2
DA:95,23
DA:96,55
DA:97,21
DA:98,55
DA:99,2
DA:101,61
DA:102,61
DA:103,37
DA:104,41
DA:106,9
DA:107,51
DA:109,27
DA:110,9
DA:111,15
DA:112,31
DA:113,20
DA:115,42
DA:116,0
DA:117,6
DA:119,87
DA:120,53
DA:121,92
DA:123,26
DA:126,81
DA:127,11
DA:128,42
DA:129,50
DA:130,7
DA:131,9
DA:133,32
DA:134,10
DA:135,27
DA:136,15
DA:137,19
DA:138,31
DA:139,66
DA:140,60
DA:141,3
DA:142,64
DA:144,4
DA:145,21
DA:146,55
DA:147,41
DA:148,11
DA:149,10
DA:150,17
DA:151,46
DA:152,39
DA:153,8
DA:156,21
DA:157,0
DA:158,0
DA:159,0
DA:160,0
DA:161,0
DA:162,0
DA:163,0
DA:164,0
DA:165,6
DA:166,15
DA:167,32
DA:169,78
DA:170,40
DA:171,22
DA:172,156
DA:173,26
DA:174,1
DA:175,10
DA:177,57
DA:178,56
DA:179,30
DA:180,21
DA:181,55
DA:182,22
DA:183,33
DA:184,24
DA:185,13
DA:187,65
DA:188,23
DA:189,22
DA:190,33
DA:191,26
DA:192,22
DA:193,35
DA:194,36
DA:195,12
DA:197,36
DA:198,10
DA:199,17
DA:200,46
DA:201,41
DA:202,8
DA:203,17
DA:204,80
DA:205,57
DA:206,13
DA:208,51
DA:209,22
DA:210,131
DA:211,26
DA:212,1
DA:213,10
DA:215,57
DA:216,56
DA:217,30
DA:218,21
DA:219,55
DA:220,22
DA:221,33
DA:222,24
DA:223,13
DA:225,36
DA:226,10
DA:227,17
DA:228,46
DA:229,41
DA:230,20
DA:235,41
DA:236,80
DA:237,47
DA:238,10
DA:239,22
DA:240,20
DA:241,36
DA:242,30
DA:243,39
DA:244,30
DA:245,75
DA:246,3
DA:247,30
DA:248,6
DA:249,6
DA:251,84
DA:252,60
DA:253,16
DA:254,11
DA:255,10
DA:256,19
DA:257,10
DA:258,14
DA:259,16
DA:260,8
DA:262,10
DA:263,17
DA:264,13
DA:265,29
DA:266,43
DA:267,20
DA:268,3
DA:269,37
DA:271,36
DA:272,51
DA:274,53
DA:275,53
DA:276,4
DA:277,12
DA:279,16
DA:280,22
DA:281,21
DA:282,18
DA:283,35
DA:284,14
DA:285,2
DA:286,6
DA:288,30
DA:289,30
DA:290,58
DA:291,23
DA:292,30
DA:293,24
DA:294,20
DA:295,41
DA:296,11
DA:297,26
DA:298,21
DA:299,11
DA:300,28
DA:301,37
DA:302,27
DA:303,30
DA:304,24
DA:305,17
DA:306,3
DA:307,24
DA:308,8
DA:309,6
DA:310,23
DA:311,47
DA:312,4
DA:314,26
DA:315,21
DA:316,7
DA:317,24
DA:318,33
DA:319,23
DA:320,26
DA:321,20
DA:322,13
DA:323,3
DA:324,44
DA:325,6
DA:327,54
DA:328,19
DA:329,26
DA:330,20
DA:331,16
DA:332,57
DA:333,7
DA:335,14
DA:336,20
DA:337,47
DA:338,15
DA:339,43
DA:340,25
DA:341,67
DA:342,37
DA:343,17
DA:344,47
DA:345,60
DA:346,41
DA:347,45
DA:348,5
DA:349,1
DA:350,0
DA:352,0
DA:353,0
DA:354,0
DA:355,0
DA:356,0
DA:357,0
DA:358,0
DA:359,0
DA:360,0
DA:361,0
DA:362,0
DA:363,0
DA:364,0
DA:365,0
DA:366,0
DA:367,0
DA:371,0
DA:372,0
DA:373,0
DA:374,0
DA:375,0
DA:376,0
DA:377,0
DA:378,0
DA:379,0
DA:380,0
DA:381,0
DA:382,0
DA:383,0
DA:384,0
DA:385,0
DA:386,0
DA:387,0
DA:388,0
DA:389,0
DA:390,0
DA:391,1
DA:395,32
DA:396,48
DA:398,71
DA:399,21
DA:400,21
DA:401,14
DA:402,19
DA:403,29
DA:404,81
DA:405,1
DA:406,2
DA:408,51
DA:409,51
DA:410,5
DA:412,14
DA:413,21
DA:414,78
DA:415,2
DA:417,33
DA:418,80
DA:419,2
DA:421,23
DA:422,55
DA:423,74
DA:424,2
DA:427,84
DA:428,64
DA:429,23
DA:430,16
DA:431,21
DA:432,38
DA:433,38
DA:434,128
DA:435,45
DA:436,35
DA:437,38
DA:438,1
DA:439,2
DA:440,2
DA:442,14
DA:443,63
DA:444,70
DA:445,11
DA:446,42
DA:447,50
DA:448,5
DA:449,7
DA:451,75
DA:452,37
DA:453,16
DA:454,21
DA:455,39
DA:456,9
DA:457,92
DA:458,1
DA:459,4
DA:462,84
DA:463,49
DA:464,62
DA:465,11
DA:466,37
DA:467,45
DA:468,7
DA:469,9
DA:470,45
DA:471,18
DA:472,23
DA:473,32
DA:474,9
DA:475,94
DA:476,1
DA:477,4
DA:478,4
DA:480,22
DA:481,9
DA:482,27
DA:483,30
DA:484,52
DA:485,2
DA:486,2
DA:488,89
DA:491,38
DA:492,34
DA:493,73
DA:494,48
DA:495,36
DA:496,3
DA:497,65
DA:498,6
DA:499,2
DA:500,2
DA:502,57
DA:504,12
DA:505,16
DA:506,21
DA:507,29
DA:508,12
DA:509,37
DA:510,41
DA:511,2
DA:514,32
DA:515,36
DA:517,74
DA:518,21
DA:519,21
DA:520,14
DA:521,21
DA:522,79
DA:523,1
DA:524,2
DA:526,55
DA:527,21
DA:528,63
DA:529,2
DA:531,51
DA:532,51
DA:533,5
DA:535,14
DA:536,21
DA:537,57
DA:538,2
DA:540,61
DA:543,9
DA:544,27
DA:545,6
DA:546,4
DA:547,42
DA:548,50
DA:549,1
DA:550,4
DA:553,54
DA:556,65
DA:557,72
DA:558,51
DA:559,7
DA:561,9
DA:562,17
DA:563,11
DA:564,59
DA:565,23
DA:566,3
DA:567,33
DA:568,2
DA:570,41
DA:571,54
DA:572,22
DA:573,31
DA:574,21
DA:575,24
DA:576,18
DA:577,11
DA:578,5
DA:579,54
DA:580,17
DA:581,24
DA:582,18
DA:583,14
DA:584,19
DA:585,5
DA:587,12
DA:588,18
DA:589,46
DA:590,2
DA:593,32
DA:594,83
DA:596,73
DA:597,21
DA:598,21
DA:599,47
DA:600,2
DA:602,51
DA:603,51
DA:604,5
DA:606,14
DA:607,21
DA:608,52
DA:609,2
DA:611,29
DA:612,21
DA:613,47
DA:614,2
DA:616,28
DA:617,0
DA:618,2
DA:621,93
DA:622,14
DA:623,19
DA:624,34
DA:625,72
DA:626,1
DA:627,2
DA:629,23
DA:630,55
DA:631,50
DA:632,2
DA:635,84
DA:636,64
DA:637,23
DA:638,16
DA:639,21
DA:640,38
DA:641,128
DA:642,45
DA:643,35
DA:644,38
DA:645,1
DA:646,2
DA:647,2
DA:651,41
DA:652,39
DA:653,14
DA:654,19
DA:655,37
DA:656,9
DA:657,94
DA:658,1
DA:659,2
DA:661,20
DA:662,69
DA:663,68
DA:664,16
DA:665,21
DA:666,36
DA:667,74
DA:668,1
DA:669,4
DA:670,27
DA:671,16
DA:672,21
DA:673,39
DA:674,80
DA:675,1
DA:676,4
DA:681,85
DA:682,50
DA:683,62
DA:684,11
DA:685,37
DA:686,45
DA:687,7
DA:688,9
DA:689,45
DA:690,18
DA:691,23
DA:692,32
DA:693,9
DA:694,94
DA:695,1
DA:696,4
DA:697,2
DA:698,2
DA:700,89
DA:706,83
DA:707,81
DA:708,61
DA:709,5
DA:710,15
DA:711,31
DA:712,21
DA:713,37
DA:714,32
DA:715,35
DA:716,48
DA:717,3
DA:718,16
DA:719,4
DA:721,12
DA:722,16
DA:723,31
DA:724,21
DA:725,52
DA:726,36
DA:727,37
DA:728,41
DA:729,2
DA:732,32
DA:733,30
DA:735,55
DA:736,21
DA:737,47
DA:738,2
DA:740,47
DA:741,46
DA:742,10
DA:743,32
DA:744,2
DA:746,25
DA:747,0
DA:748,0
DA:749,2
DA:752,29
DA:753,76
DA:754,28
DA:755,32
DA:756,29
DA:757,0
DA:758,2
DA:760,51
DA:761,51
DA:762,5
DA:764,14
DA:765,21
DA:766,37
DA:767,2
DA:770,86
DA:771,76
DA:773,27
DA:774,17
DA:775,47
DA:776,31
DA:777,14
DA:779,41
DA:780,50
DA:781,22
DA:782,31
DA:783,21
DA:784,23
DA:785,11
DA:786,5
DA:787,50
DA:788,17
DA:789,23
DA:790,14
DA:791,34
DA:792,5
DA:794,12
DA:795,18
DA:796,96
DA:797,18
DA:798,2
DA:807,13
DA:808,37
DA:809,65
DA:811,74
DA:812,21
DA:813,21
DA:814,14
DA:815,21
DA:816,89
DA:817,1
DA:818,2
DA:820,55
DA:821,21
DA:822,63
DA:823,2
DA:825,51
DA:826,51
DA:827,5
DA:829,14
DA:830,21
DA:831,57
DA:832,2
DA:834,38
DA:835,21
DA:836,69
DA:837,2
DA:839,33
DA:840,21
DA:841,60
DA:842,2
DA:844,23
DA:845,55
DA:846,21
DA:847,55
DA:848,2
DA:850,82
DA:851,49
DA:852,41
DA:854,26
DA:855,81
DA:856,16
DA:857,17
DA:858,40
DA:859,7
DA:861,18
DA:862,23
DA:863,16
DA:864,23
DA:865,7
DA:866,104
DA:867,30
DA:868,1
DA:869,4
DA:871,91
DA:873,66
DA:874,14
DA:875,20
DA:876,21
DA:877,15
DA:878,52
DA:879,59
DA:880,27
DA:881,20
DA:882,1
DA:883,2
DA:886,89
DA:888,12
DA:889,18
DA:890,20
DA:891,89
DA:892,18
DA:893,2
DA:899,33
DA:900,37
DA:901,55
DA:902,21
DA:903,63
DA:904,2
DA:906,47
DA:907,46
DA:908,10
DA:909,32
DA:910,2
DA:912,25
DA:913,0
DA:914,0
DA:915,2
DA:918,29
DA:919,76
DA:920,28
DA:921,32
DA:922,45
DA:923,0
DA:924,2
DA:926,51
DA:927,51
DA:928,5
DA:930,14
DA:931,21
DA:932,53
DA:933,2
DA:935,82
DA:936,49
DA:938,53
DA:939,44
DA:940,54
DA:941,53
DA:942,7
DA:943,39
DA:944,49
DA:945,53
DA:946,4
DA:947,5
DA:949,23
DA:950,70
DA:952,43
DA:953,64
DA:954,58
DA:955,14
DA:956,29
DA:957,33
DA:958,31
DA:959,43
DA:960,31
DA:961,48
DA:962,47
DA:963,51
DA:964,1
DA:965,4
DA:967,12
DA:968,18
DA:969,31
DA:970,21
DA:971,37
DA:972,23
DA:973,31
DA:974,32
DA:975,67
DA:976,69
DA:977,7
DA:978,1
LF:773
LH:720
end_of_record
TN:
SF:src/server/routes/licensing/router.ts
FNF:1
FNH:1
DA:1,35
DA:2,180
DA:11,91
DA:12,51
DA:13,149
DA:21,167
DA:30,17
DA:31,7
DA:32,23
DA:36,41
DA:37,22
DA:38,82
DA:39,75
DA:40,74
DA:41,84
DA:42,38
DA:43,7
DA:44,15
DA:45,36
DA:46,44
DA:47,13
DA:48,176
DA:49,3
DA:50,3
DA:55,36
DA:56,22
DA:57,23
DA:58,26
DA:59,7
DA:60,15
DA:61,36
DA:62,45
DA:63,90
DA:64,3
DA:65,3
DA:70,38
DA:71,22
DA:72,23
DA:73,41
DA:74,36
DA:75,36
DA:76,40
DA:77,52
DA:78,35
DA:79,7
DA:80,15
DA:81,36
DA:82,37
DA:83,13
DA:84,108
DA:85,3
DA:86,3
DA:91,46
DA:92,22
DA:93,75
DA:94,70
DA:95,74
DA:96,23
DA:97,71
DA:98,5
DA:99,7
DA:100,15
DA:101,36
DA:102,53
DA:103,13
DA:104,114
DA:105,20
DA:106,16
DA:107,75
DA:108,7
DA:109,5
DA:110,3
DA:111,3
DA:116,42
DA:117,22
DA:118,75
DA:119,17
DA:120,75
DA:121,8
DA:122,23
DA:123,18
DA:124,13
DA:125,81
DA:126,2
DA:127,5
DA:128,7
DA:129,15
DA:130,36
DA:131,49
DA:132,83
DA:133,20
DA:134,16
DA:135,54
DA:136,7
DA:137,5
DA:138,3
DA:139,3
DA:144,50
DA:145,22
DA:146,75
DA:147,88
DA:148,7
DA:149,15
DA:150,36
DA:151,49
DA:152,73
DA:153,20
DA:154,16
DA:155,54
DA:156,7
DA:157,5
DA:158,3
DA:159,3
DA:164,51
DA:165,22
DA:166,29
DA:167,32
DA:168,7
DA:169,15
DA:170,24
DA:171,41
DA:172,3
DA:173,3
DA:178,52
DA:179,22
DA:180,29
DA:181,23
DA:182,39
DA:183,37
DA:184,37
DA:185,7
DA:186,15
DA:187,24
DA:188,38
DA:189,3
DA:190,3
DA:195,51
DA:196,22
DA:197,29
DA:198,35
DA:199,61
DA:200,7
DA:201,15
DA:202,24
DA:203,44
DA:204,3
DA:205,3
DA:210,46
DA:211,22
DA:212,29
DA:213,24
DA:214,41
DA:215,23
DA:216,18
DA:217,81
DA:218,2
DA:219,8
DA:220,21
DA:221,17
DA:222,25
DA:223,29
DA:224,38
DA:225,29
DA:226,26
DA:227,2
DA:228,5
DA:229,7
DA:230,15
DA:231,36
DA:232,47
DA:233,3
DA:234,3
DA:239,61
DA:240,22
DA:241,21
DA:242,7
DA:243,15
DA:244,36
DA:245,41
DA:246,3
DA:247,3
DA:252,38
DA:253,22
DA:254,23
DA:255,36
DA:256,52
DA:257,38
DA:258,36
DA:259,72
DA:260,7
DA:261,15
DA:262,36
DA:263,54
DA:264,3
DA:265,3
DA:270,40
DA:271,22
DA:272,22
DA:273,24
DA:274,32
DA:275,55
DA:276,53
DA:277,57
DA:278,21
DA:279,17
DA:280,25
DA:281,29
DA:282,38
DA:283,29
DA:284,26
DA:285,2
DA:286,5
DA:287,7
DA:288,15
DA:289,36
DA:290,37
DA:291,3
DA:292,3
DA:297,42
DA:298,22
DA:299,22
DA:300,26
DA:301,7
DA:302,15
DA:303,36
DA:304,33
DA:305,3
DA:306,3
DA:311,52
DA:312,22
DA:313,22
DA:314,26
DA:315,7
DA:316,15
DA:317,36
DA:318,49
DA:319,3
DA:320,3
DA:325,49
DA:326,22
DA:327,81
DA:328,7
DA:329,15
DA:330,36
DA:331,41
DA:332,13
DA:333,104
DA:334,20
DA:335,16
DA:336,59
DA:337,7
DA:338,5
DA:339,3
DA:340,3
DA:345,42
DA:346,22
DA:347,24
DA:348,15
DA:349,25
DA:350,40
DA:351,89
DA:352,3
DA:353,3
DA:358,44
DA:359,22
DA:360,22
DA:361,22
DA:362,19
DA:363,70
DA:364,8
DA:365,37
DA:366,57
DA:367,22
DA:368,70
DA:369,5
DA:370,7
DA:371,15
DA:372,25
DA:373,41
DA:374,3
DA:375,3
DA:380,49
DA:381,22
DA:382,41
DA:383,22
DA:384,34
DA:385,46
DA:386,37
DA:387,7
DA:388,15
DA:389,25
DA:390,40
DA:391,3
DA:392,3
DA:397,50
DA:398,22
DA:399,41
DA:400,15
DA:401,25
DA:402,37
DA:403,3
DA:404,3
DA:409,68
DA:410,22
DA:411,41
DA:412,15
DA:413,25
DA:414,36
DA:415,3
DA:416,3
DA:421,51
DA:422,22
DA:423,41
DA:424,15
DA:425,25
DA:426,34
DA:427,3
DA:428,3
DA:433,40
DA:434,22
DA:435,22
DA:436,29
DA:437,45
DA:438,32
DA:439,7
DA:440,15
DA:441,36
DA:442,49
DA:443,3
DA:444,3
DA:448,67
DA:449,68
LF:332
LH:332
end_of_record
TN:
SF:src/server/routes/licensing/token.ts
FNF:2
FNH:2
DA:1,30
DA:2,58
DA:3,33
DA:4,66
DA:5,62
DA:7,32
DA:8,25
DA:10,79
DA:11,21
DA:12,21
DA:13,47
DA:14,2
DA:16,52
DA:17,43
DA:18,21
DA:19,77
DA:20,2
DA:22,32
DA:25,60
DA:26,42
DA:27,5
DA:28,17
DA:29,21
DA:30,48
DA:31,2
DA:34,51
DA:35,44
DA:36,5
DA:37,41
DA:38,21
DA:39,60
DA:40,2
DA:42,12
DA:43,16
DA:44,27
DA:45,22
DA:46,28
DA:47,29
DA:48,68
DA:49,30
DA:50,1
LF:41
LH:41
end_of_record
TN:
SF:src/server/routes/metering/router.ts
FNF:8
FNH:8
DA:1,35
DA:2,30
DA:3,63
DA:4,58
DA:5,55
DA:6,56
DA:8,65
DA:13,5
DA:14,10
DA:15,21
DA:16,78
DA:18,55
DA:19,21
DA:20,63
DA:21,2
DA:23,53
DA:24,21
DA:25,62
DA:26,2
DA:28,66
DA:31,51
DA:32,51
DA:33,5
DA:35,14
DA:36,21
DA:37,59
DA:38,2
DA:40,33
DA:41,21
DA:42,79
DA:43,2
DA:46,47
DA:47,31
DA:48,5
DA:50,9
DA:51,0
DA:52,0
DA:53,2
DA:55,44
DA:56,52
DA:57,21
DA:58,14
DA:59,21
DA:60,77
DA:61,1
DA:62,2
DA:65,88
DA:66,59
DA:69,43
DA:70,5
DA:71,22
DA:72,18
DA:73,34
DA:74,3
DA:75,21
DA:76,5
DA:77,38
DA:78,94
DA:79,28
DA:80,1
DA:81,4
DA:83,22
DA:84,54
DA:85,23
DA:86,16
DA:87,23
DA:88,73
DA:89,45
DA:90,38
DA:91,1
DA:92,0
DA:93,0
DA:94,0
DA:95,2
DA:97,12
DA:98,18
DA:99,94
DA:100,14
DA:101,31
DA:102,40
DA:103,36
DA:104,3
DA:106,3
DA:107,20
DA:108,27
DA:109,26
DA:110,34
DA:111,43
DA:112,31
DA:113,3
DA:115,2
DA:120,64
DA:121,51
DA:122,51
DA:123,5
DA:125,14
DA:126,21
DA:127,59
DA:128,2
DA:130,57
DA:131,58
DA:132,46
DA:133,44
DA:134,11
DA:135,5
DA:137,12
DA:138,18
DA:139,31
DA:140,23
DA:141,12
DA:142,28
DA:143,12
DA:144,34
DA:145,15
DA:146,19
DA:147,21
DA:148,35
DA:149,33
DA:150,29
DA:151,26
DA:152,4
DA:153,1
DA:154,2
DA:159,50
DA:160,68
DA:161,25
DA:162,0
DA:163,0
DA:164,2
DA:166,29
DA:167,41
DA:168,11
DA:169,71
DA:171,44
DA:172,29
DA:173,14
DA:174,20
DA:175,21
DA:176,30
DA:177,16
DA:178,1
DA:179,2
DA:181,23
DA:182,12
DA:183,36
DA:184,130
DA:185,3
DA:186,19
DA:187,82
DA:189,12
DA:190,18
DA:191,39
DA:192,57
DA:193,26
DA:194,1
DA:195,2
LF:156
LH:149
end_of_record
TN:
SF:src/server/routes/panel/builders.ts
FNF:9
FNH:9
DA:1,30
DA:2,53
DA:3,33
DA:8,10
DA:9,58
DA:10,45
DA:11,5
DA:15,50
DA:16,3
DA:17,14
DA:18,18
DA:19,22
DA:20,22
DA:21,22
DA:22,29
DA:23,3
DA:24,15
DA:25,3
DA:26,14
DA:27,40
DA:28,44
DA:29,40
DA:30,55
DA:31,3
DA:32,19
DA:33,47
DA:34,5
DA:36,32
DA:37,29
DA:38,54
DA:39,17
DA:40,39
DA:41,2
DA:43,31
DA:44,30
DA:45,54
DA:46,18
DA:47,39
DA:48,2
DA:50,44
DA:51,54
DA:52,52
DA:54,70
DA:55,68
DA:56,27
DA:57,50
DA:58,45
DA:60,14
DA:61,15
DA:62,19
DA:63,21
DA:64,57
DA:65,36
DA:66,9
DA:67,57
DA:68,67
DA:69,70
DA:70,3
DA:71,10
DA:72,36
DA:73,35
DA:74,91
DA:75,20
DA:76,22
DA:77,28
DA:78,29
DA:79,29
DA:80,26
DA:81,1
DA:82,4
DA:84,12
DA:85,18
DA:86,27
DA:87,27
DA:88,20
DA:89,1
LF:76
LH:76
end_of_record
TN:
SF:src/server/routes/panel/payouts.ts
FNF:10
FNH:9
DA:1,30
DA:2,63
DA:3,47
DA:4,50
DA:10,10
DA:13,95
DA:14,48
DA:16,39
DA:17,42
DA:18,11
DA:19,40
DA:20,48
DA:21,39
DA:22,3
DA:23,2
DA:24,2
DA:26,34
DA:27,14
DA:28,20
DA:29,68
DA:30,24
DA:31,24
DA:32,24
DA:33,21
DA:34,18
DA:35,15
DA:36,1
DA:37,2
DA:40,32
DA:41,34
DA:42,55
DA:43,18
DA:44,40
DA:45,2
DA:47,21
DA:48,31
DA:50,60
DA:51,64
DA:53,38
DA:55,57
DA:56,37
DA:57,7
DA:59,69
DA:61,14
DA:62,0
DA:63,0
DA:64,0
DA:65,0
DA:66,0
DA:67,0
DA:68,0
DA:69,4
DA:72,37
DA:73,28
DA:74,21
DA:75,11
DA:76,39
DA:77,23
DA:78,3
DA:79,6
DA:80,4
DA:81,33
DA:82,40
DA:83,46
DA:84,1
DA:85,2
DA:86,16
DA:88,35
DA:90,13
DA:91,4
DA:93,72
DA:94,79
DA:95,11
DA:96,59
DA:97,19
DA:98,29
DA:99,17
DA:100,85
DA:101,9
DA:103,20
DA:104,26
DA:105,2
DA:106,27
DA:107,2
DA:108,17
DA:110,9
DA:111,21
DA:112,13
DA:113,40
DA:114,32
DA:115,25
DA:116,3
DA:117,6
DA:118,8
DA:119,17
DA:120,25
DA:121,1
DA:122,8
DA:124,40
DA:125,22
DA:126,18
DA:127,35
DA:128,26
DA:129,32
DA:130,50
DA:131,7
DA:132,0
DA:134,0
DA:135,0
DA:136,0
DA:137,0
DA:138,0
DA:139,0
DA:140,0
DA:141,0
DA:142,0
DA:143,0
DA:144,0
DA:145,0
DA:147,0
DA:148,0
DA:149,0
DA:150,0
DA:151,0
DA:152,0
DA:153,2
DA:155,2
DA:157,12
DA:158,18
DA:159,114
DA:160,71
DA:161,41
DA:162,38
DA:163,21
DA:164,18
DA:165,1
LF:136
LH:110
end_of_record
TN:
SF:src/server/routes/panel/router.ts
FNF:2
FNH:2
DA:1,35
DA:2,53
DA:3,43
DA:4,49
DA:5,57
DA:6,46
DA:8,59
DA:9,54
DA:10,48
DA:11,71
DA:12,2
DA:16,35
DA:17,13
DA:18,26
DA:19,39
DA:20,94
DA:21,2
DA:22,2
DA:27,41
DA:28,13
DA:29,26
DA:30,45
DA:31,13
DA:32,95
DA:33,2
DA:34,2
DA:39,49
DA:40,21
DA:41,51
DA:42,32
DA:43,5
DA:44,13
DA:45,26
DA:46,45
DA:47,2
DA:48,2
DA:53,45
DA:54,13
DA:55,26
DA:56,46
DA:57,2
DA:58,2
LF:42
LH:42
end_of_record
TN:
SF:src/server/routes/panel/stats.ts
FNF:2
FNH:2
DA:1,30
DA:2,73
DA:3,45
DA:8,10
DA:10,26
DA:11,12
DA:12,81
DA:13,81
DA:14,79
DA:15,43
DA:16,15
DA:17,130
DA:18,6
DA:19,6
DA:20,14
DA:21,84
DA:22,6
DA:23,6
DA:24,17
DA:25,132
DA:26,6
DA:27,3
DA:28,3
DA:29,19
DA:30,48
DA:32,76
DA:33,49
DA:34,45
DA:35,83
DA:36,5
DA:38,41
DA:39,58
DA:40,56
DA:41,46
DA:42,62
DA:43,49
DA:44,66
DA:46,49
DA:47,41
DA:48,55
DA:50,36
DA:52,26
DA:53,13
DA:54,50
DA:55,45
DA:56,38
DA:57,37
DA:58,57
DA:59,44
DA:60,14
DA:61,18
DA:62,45
DA:63,15
DA:64,53
DA:65,30
DA:66,50
DA:67,24
DA:68,59
DA:69,71
DA:70,66
DA:71,8
DA:72,65
DA:73,75
DA:74,39
DA:75,3
DA:76,4
DA:78,12
DA:79,18
DA:80,23
DA:81,16
DA:82,15
DA:83,32
DA:84,30
DA:85,31
DA:86,33
DA:87,40
DA:88,20
DA:89,16
DA:90,23
DA:91,6
DA:92,29
DA:93,1
LF:82
LH:82
end_of_record
TN:
SF:src/server/routes/panel/transactions.ts
FNF:8
FNH:8
DA:1,30
DA:2,63
DA:3,42
DA:8,19
DA:9,43
DA:10,36
DA:12,34
DA:13,2
DA:14,11
DA:16,57
DA:17,23
DA:18,48
DA:19,7
DA:20,5
DA:23,58
DA:24,66
DA:26,54
DA:27,15
DA:28,59
DA:29,4
DA:30,19
DA:31,71
DA:32,1
DA:33,5
DA:35,64
DA:36,74
DA:38,41
DA:39,14
DA:40,20
DA:41,51
DA:42,28
DA:43,78
DA:44,36
DA:45,32
DA:46,32
DA:47,28
DA:48,36
DA:49,46
DA:50,38
DA:51,22
DA:52,25
DA:53,5
DA:55,12
DA:56,18
DA:57,27
DA:58,27
DA:59,24
DA:60,1
LF:48
LH:48
end_of_record
TN:
SF:src/server/routes/payouts/router.ts
FNF:14
FNH:13
DA:1,35
DA:2,30
DA:3,63
DA:4,47
DA:5,50
DA:7,53
DA:10,28
DA:12,27
DA:13,85
DA:15,63
DA:16,54
DA:17,42
DA:18,24
DA:19,2
DA:23,5
DA:24,11
DA:25,30
DA:26,49
DA:29,28
DA:30,21
DA:31,14
DA:32,21
DA:33,7
DA:34,91
DA:35,1
DA:36,2
DA:40,57
DA:41,27
DA:42,0
DA:43,0
DA:44,2
DA:45,51
DA:47,25
DA:48,74
DA:49,87
DA:51,65
DA:52,0
DA:53,0
DA:54,0
DA:55,0
DA:56,0
DA:57,2
DA:59,18
DA:60,31
DA:61,14
DA:62,21
DA:63,18
DA:64,27
DA:65,3
DA:66,1
DA:67,2
DA:71,95
DA:72,48
DA:76,39
DA:77,42
DA:78,11
DA:79,40
DA:80,40
DA:81,48
DA:82,39
DA:83,6
DA:84,45
DA:85,2
DA:86,2
DA:88,79
DA:90,30
DA:91,21
DA:92,14
DA:93,21
DA:94,59
DA:95,24
DA:96,1
DA:97,2
DA:100,52
DA:101,41
DA:102,21
DA:103,14
DA:104,21
DA:105,142
DA:106,38
DA:107,1
DA:108,2
DA:112,57
DA:113,25
DA:114,22
DA:115,34
DA:116,51
DA:117,25
DA:118,30
DA:119,2
DA:121,29
DA:122,0
DA:123,0
DA:124,0
DA:125,0
DA:126,0
DA:127,0
DA:128,2
DA:130,37
DA:131,49
DA:134,24
DA:135,21
DA:136,63
DA:137,6
DA:138,4
DA:139,37
DA:140,40
DA:141,40
DA:142,46
DA:143,1
DA:144,2
DA:145,37
DA:147,39
DA:149,0
DA:150,0
DA:151,0
DA:152,0
DA:153,0
DA:154,0
DA:155,0
DA:156,0
DA:157,0
DA:158,0
DA:159,0
DA:160,0
DA:161,0
DA:162,0
DA:163,0
DA:164,0
DA:165,0
DA:166,2
DA:168,68
DA:170,20
DA:171,21
DA:172,14
DA:173,21
DA:174,7
DA:175,108
DA:176,1
DA:177,2
DA:179,63
DA:180,26
DA:181,26
DA:182,27
DA:183,33
DA:184,47
DA:185,37
DA:186,36
DA:187,4
DA:189,9
DA:190,63
DA:191,17
DA:192,32
DA:193,16
DA:194,85
DA:195,7
DA:198,20
DA:199,35
DA:200,11
DA:201,0
DA:202,0
DA:203,4
DA:205,9
DA:206,21
DA:207,11
DA:208,38
DA:209,36
DA:210,23
DA:211,3
DA:212,47
DA:214,29
DA:215,0
DA:216,0
DA:217,0
DA:218,0
DA:219,0
DA:220,0
DA:221,0
DA:222,4
DA:224,33
DA:225,0
DA:226,0
DA:227,0
DA:228,0
DA:229,0
DA:230,0
DA:231,4
DA:233,14
DA:234,20
DA:235,53
DA:236,81
DA:237,1
DA:238,0
DA:240,0
DA:241,0
DA:242,0
DA:243,0
DA:244,0
DA:245,0
DA:246,0
DA:247,0
DA:248,0
DA:250,0
DA:251,0
DA:252,0
DA:253,0
DA:254,2
DA:257,3
DA:258,17
DA:259,14
DA:260,51
DA:261,56
DA:262,70
DA:263,2
DA:264,4
DA:265,13
DA:266,27
DA:267,38
DA:268,13
DA:269,117
DA:270,2
DA:272,2
DA:276,4
DA:277,11
DA:278,24
DA:279,57
DA:280,27
DA:281,0
DA:282,0
DA:283,2
DA:285,16
DA:286,39
DA:287,48
DA:288,6
DA:289,39
DA:290,50
DA:291,5
DA:293,18
DA:294,21
DA:295,67
DA:296,2
DA:298,12
DA:299,18
DA:300,61
DA:301,27
DA:302,3
DA:304,3
DA:305,13
DA:306,27
DA:307,45
DA:308,2
DA:310,2
DA:314,5
DA:315,11
DA:316,30
DA:317,57
DA:318,27
DA:319,0
DA:320,0
DA:321,2
DA:323,14
DA:324,39
DA:325,48
DA:326,6
DA:327,39
DA:328,50
DA:329,5
DA:331,18
DA:332,21
DA:333,67
DA:334,2
DA:336,88
DA:338,28
DA:339,36
DA:340,46
DA:341,54
DA:342,42
DA:343,39
DA:344,4
DA:346,9
DA:347,17
DA:348,9
DA:349,40
DA:350,21
DA:351,3
DA:352,37
DA:354,12
DA:355,18
DA:356,53
DA:357,37
DA:358,3
DA:360,3
DA:361,20
DA:362,37
DA:363,42
DA:364,46
DA:365,40
DA:366,37
DA:367,5
DA:368,13
DA:369,27
DA:370,48
DA:371,2
DA:373,2
LF:304
LH:241
end_of_record
TN:
SF:src/server/routes/s2s/credits.ts
FNF:4
FNH:4
DA:1,55
DA:2,41
DA:7,33
DA:8,62
DA:9,16
DA:10,21
DA:11,68
DA:12,2
DA:13,63
DA:14,68
DA:20,32
DA:21,61
DA:22,11
DA:23,0
DA:24,0
DA:25,2
DA:27,41
DA:28,5
DA:29,28
DA:30,24
DA:31,40
DA:32,3
DA:33,13
DA:34,5
DA:35,58
DA:36,27
DA:37,1
DA:38,4
DA:40,15
DA:41,0
DA:42,0
DA:43,2
DA:45,76
LF:33
LH:29
end_of_record
TN:
SF:src/server/routes/s2s/helpers.ts
FNF:4
FNH:4
DA:1,30
DA:2,49
DA:3,33
DA:6,29
DA:7,51
DA:8,51
DA:9,5
DA:10,14
DA:11,79
DA:12,57
DA:13,20
DA:16,24
DA:17,75
DA:18,46
DA:19,10
LF:15
LH:15
end_of_record
TN:
SF:src/server/routes/s2s/licenses.ts
FNF:26
FNH:24
DA:1,30
DA:2,84
DA:3,47
DA:4,56
DA:5,89
DA:6,52
DA:7,51
DA:12,33
DA:13,76
DA:14,21
DA:15,53
DA:16,9
DA:17,0
DA:18,0
DA:19,4
DA:20,46
DA:21,2
DA:22,22
DA:24,22
DA:25,12
DA:26,20
DA:27,26
DA:28,36
DA:29,42
DA:30,32
DA:31,28
DA:32,32
DA:33,34
DA:34,46
DA:35,34
DA:36,31
DA:37,3
DA:38,15
DA:39,45
DA:40,21
DA:41,42
DA:43,26
DA:49,32
DA:50,50
DA:51,9
DA:52,0
DA:53,0
DA:54,2
DA:56,53
DA:57,18
DA:58,38
DA:59,30
DA:60,28
DA:61,28
DA:62,36
DA:63,28
DA:64,40
DA:65,52
DA:66,40
DA:67,5
DA:69,87
DA:75,32
DA:76,61
DA:77,11
DA:78,0
DA:79,0
DA:80,2
DA:82,48
DA:83,28
DA:84,40
DA:85,5
DA:86,20
DA:87,0
DA:88,0
DA:89,2
DA:91,12
DA:92,18
DA:93,28
DA:94,44
DA:95,25
DA:96,2
DA:102,33
DA:103,62
DA:104,16
DA:105,21
DA:106,68
DA:107,2
DA:108,29
DA:109,46
DA:111,53
DA:112,44
DA:113,54
DA:114,53
DA:115,7
DA:116,39
[...]
DA:103,129
DA:104,32
DA:105,42
DA:106,48
DA:107,88
DA:108,188
DA:109,7
DA:110,9
DA:113,144
DA:114,16
DA:115,21
DA:116,24
DA:117,33
DA:118,50
DA:119,6
DA:120,9
DA:122,28
DA:123,36
DA:124,38
DA:125,40
DA:126,24
DA:132,16
DA:133,24
DA:134,48
DA:135,10
DA:136,54
DA:137,72
DA:140,81
DA:141,139
DA:142,100
DA:143,38
DA:144,13
DA:145,9
DA:146,9
DA:148,126
DA:151,138
DA:153,111
DA:154,96
DA:155,148
DA:156,79
DA:157,9
DA:159,60
DA:160,110
DA:161,74
DA:167,66
DA:168,64
DA:169,72
DA:171,44
DA:174,43
DA:175,60
DA:176,32
DA:177,142
DA:178,6
DA:179,36
DA:180,190
DA:181,98
DA:182,9
DA:185,35
DA:186,62
DA:187,32
DA:188,142
DA:189,6
DA:190,36
DA:191,174
DA:192,100
DA:193,9
DA:195,59
DA:203,29
DA:204,14
DA:205,20
DA:206,25
DA:207,10
DA:208,68
DA:210,18
DA:211,54
DA:212,22
DA:213,208
DA:214,46
DA:215,6
DA:216,12
DA:217,166
DA:218,32
DA:224,92
DA:226,126
DA:227,188
DA:228,14
DA:230,114
DA:231,170
DA:232,140
DA:235,50
DA:236,70
DA:237,78
DA:238,192
DA:240,28
DA:241,44
DA:242,68
DA:243,44
DA:244,36
DA:245,29
DA:252,29
DA:261,10
DA:262,140
DA:265,86
DA:266,152
DA:267,68
DA:268,52
DA:269,72
DA:270,80
DA:271,96
DA:272,36
DA:273,82
DA:274,14
DA:277,86
DA:278,52
DA:279,70
DA:280,88
DA:281,94
DA:282,80
DA:283,96
DA:284,36
DA:285,72
DA:286,14
DA:290,55
DA:291,172
DA:292,24
DA:299,56
DA:300,46
DA:301,18
DA:302,76
DA:303,90
DA:304,36
DA:305,22
DA:306,38
DA:307,80
DA:308,54
DA:309,14
DA:310,10
DA:311,12
DA:312,103
DA:315,29
DA:316,48
DA:318,1
LF:194
LH:194
end_of_record
TN:
SF:src/server/services/audit.ts
FNF:6
FNH:5
DA:1,42
DA:2,27
DA:3,45
DA:4,51
DA:31,19
DA:32,1
DA:33,7
DA:34,5
DA:35,13
DA:36,5
DA:37,11
DA:38,47
DA:39,52
DA:40,41
DA:41,43
DA:42,33
DA:43,14
DA:44,33
DA:45,37
DA:46,16
DA:47,38
DA:48,7
DA:49,0
DA:51,11
DA:55,14
DA:56,26
DA:57,28
DA:58,76
DA:59,82
DA:60,53
DA:61,4
DA:62,82
DA:63,31
DA:65,74
DA:66,60
DA:68,28
DA:69,38
DA:70,20
DA:71,48
DA:73,58
DA:74,50
DA:75,50
DA:76,12
DA:77,10
DA:78,7
DA:80,14
DA:81,20
DA:82,19
DA:83,42
DA:84,12
DA:85,10
DA:86,3
DA:88,1
LF:53
LH:52
end_of_record
TN:
SF:src/server/services/coupon.ts
FNF:5
FNH:4
DA:1,27
DA:2,39
DA:3,50
DA:20,20
DA:25,1
DA:26,6
DA:27,7
DA:28,10
DA:29,5
DA:30,57
DA:31,23
DA:32,16
DA:33,21
DA:34,38
DA:35,47
DA:36,1
DA:37,4
DA:40,13
DA:41,40
DA:42,70
DA:43,6
DA:44,40
DA:45,67
DA:46,7
DA:48,19
DA:49,16
DA:50,21
DA:51,38
DA:52,55
DA:53,1
DA:54,4
DA:56,28
DA:57,91
DA:58,4
DA:60,64
DA:61,0
DA:62,4
DA:64,88
DA:65,16
DA:66,21
DA:67,38
DA:68,51
DA:69,1
DA:70,4
DA:72,79
DA:73,73
DA:75,72
DA:82,15
DA:83,25
DA:84,16
DA:85,83
DA:86,6
DA:87,4
DA:88,26
DA:89,28
DA:91,94
DA:92,1
DA:93,2
DA:94,34
DA:96,27
DA:98,1
LF:61
LH:60
end_of_record
TN:
SF:src/server/services/credits.ts
FNF:14
FNH:13
DA:1,49
DA:2,42
DA:3,27
DA:4,53
DA:24,12
DA:25,45
DA:26,0
DA:27,1
DA:30,20
DA:31,31
DA:32,29
DA:33,14
DA:34,73
DA:35,3
DA:36,19
DA:37,49
DA:39,41
DA:43,1
DA:44,5
DA:45,8
DA:46,13
DA:47,5
DA:48,34
DA:50,35
DA:52,10
DA:53,28
DA:54,15
DA:55,38
DA:56,20
DA:58,64
DA:59,44
DA:61,47
DA:62,52
DA:63,33
DA:64,25
DA:65,41
DA:66,22
DA:67,22
DA:68,21
DA:69,45
DA:70,61
DA:71,40
DA:72,9
DA:74,25
DA:77,28
DA:78,43
DA:79,4
DA:80,50
DA:89,1
DA:90,5
DA:91,8
DA:92,13
DA:93,5
DA:94,34
DA:96,42
DA:97,24
DA:98,28
DA:99,15
DA:100,38
DA:101,20
DA:103,9
DA:104,0
DA:105,6
DA:107,31
DA:108,29
DA:109,52
DA:110,19
DA:111,6
DA:112,4
DA:113,43
DA:114,45
DA:115,1
DA:116,2
DA:117,17
DA:118,24
DA:119,64
DA:120,6
DA:121,6
DA:123,64
DA:124,30
DA:125,61
DA:126,6
DA:128,44
DA:129,47
DA:130,52
DA:131,33
DA:132,25
DA:133,41
DA:134,22
DA:135,23
DA:136,21
DA:137,45
DA:138,62
DA:139,40
DA:140,9
DA:142,61
DA:143,10
DA:146,1
DA:147,11
DA:148,12
DA:149,14
DA:160,5
DA:161,28
DA:162,14
DA:163,26
DA:164,30
DA:165,32
DA:166,46
DA:167,40
DA:168,44
DA:169,37
DA:170,3
DA:171,19
DA:172,45
DA:173,38
DA:174,45
DA:176,13
DA:178,1
LF:118
LH:116
end_of_record
TN:
SF:src/server/services/crypto.ts
FNF:6
FNH:5
DA:1,122
DA:9,34
DA:15,20
DA:16,8
DA:17,51
DA:19,29
DA:20,13
DA:21,30
DA:22,0
DA:23,4
DA:24,49
DA:25,31
DA:26,4
DA:28,56
DA:34,12
DA:38,5
DA:39,31
DA:40,36
DA:41,58
DA:43,60
DA:44,37
DA:45,56
DA:47,14
DA:48,28
DA:49,29
DA:50,11
DA:51,9
DA:57,37
DA:58,36
DA:59,41
DA:60,51
DA:61,62
DA:62,33
DA:64,63
DA:65,40
DA:66,24
DA:72,43
DA:73,99
DA:74,65
DA:75,90
DA:77,66
DA:78,30
DA:79,24
DA:81,49
DA:87,13
DA:88,11
DA:89,37
DA:90,47
DA:92,48
DA:93,74
DA:94,30
DA:95,26
DA:97,52
DA:98,60
DA:99,81
DA:100,11
DA:101,6
DA:103,84
DA:107,72
DA:108,11
DA:109,6
DA:111,14
DA:112,0
DA:113,1
DA:116,1
LF:65
LH:63
end_of_record
TN:
SF:src/server/services/dana.ts
FNF:11
FNH:6
DA:12,94
DA:13,54
DA:14,60
DA:15,120
DA:33,0
DA:34,0
DA:35,0
DA:36,8
DA:39,8
DA:40,0
DA:41,0
DA:42,0
DA:43,0
DA:44,8
DA:48,14
DA:49,44
DA:53,15
DA:54,0
DA:55,0
DA:56,0
DA:57,0
DA:58,0
DA:59,8
DA:63,14
DA:64,0
DA:65,0
DA:66,0
DA:67,0
DA:68,0
DA:69,8
DA:73,1
DA:74,9
DA:75,6
DA:76,9
DA:77,5
DA:78,65
DA:82,1
DA:83,8
DA:84,5
DA:85,58
DA:87,1
LF:41
LH:24
end_of_record
TN:
SF:src/server/services/danaClient.ts
FNF:7
FNH:6
DA:1,48
DA:2,29
DA:56,11
DA:57,21
DA:58,57
DA:59,74
DA:60,31
DA:61,25
DA:62,40
DA:63,3
DA:66,11
DA:67,43
DA:70,11
DA:71,41
DA:77,42
DA:84,24
DA:85,12
DA:86,47
DA:87,18
DA:88,0
DA:89,0
DA:90,0
DA:91,0
DA:93,2
DA:94,20
DA:95,4
DA:96,4
DA:97,9
DA:98,54
DA:99,5
DA:100,22
LF:31
LH:27
end_of_record
TN:
SF:src/server/services/danaDisbursementService.ts
FNF:5
FNH:4
DA:1,35
DA:2,48
DA:3,54
DA:8,17
DA:9,60
DA:16,6
DA:17,9
DA:34,3
DA:35,43
DA:37,45
DA:38,14
DA:39,29
DA:40,39
DA:41,74
DA:42,1
DA:43,2
DA:45,26
DA:46,14
DA:47,22
DA:48,37
DA:49,57
DA:50,1
DA:51,2
DA:53,11
DA:78,30
DA:79,13
DA:80,20
DA:81,20
DA:82,94
DA:84,23
DA:85,16
DA:86,43
DA:87,39
DA:88,30
DA:89,35
DA:90,54
DA:91,25
DA:92,1
DA:93,4
DA:95,62
DA:96,81
DA:97,4
DA:99,11
DA:100,55
DA:101,63
DA:102,46
DA:103,40
DA:104,55
DA:105,45
DA:106,19
DA:107,26
DA:108,44
DA:109,10
DA:110,27
DA:111,24
DA:112,52
DA:113,34
DA:114,7
DA:115,9
DA:117,50
DA:119,88
DA:120,50
DA:122,16
DA:123,63
DA:124,39
DA:125,30
DA:126,35
DA:127,54
DA:128,12
DA:129,1
DA:130,0
DA:131,0
DA:132,0
DA:133,2
DA:136,1
LF:75
LH:72
end_of_record
TN:
SF:src/server/services/danaOrderService.ts
FNF:9
FNH:6
DA:1,35
DA:2,28
DA:3,70
DA:16,1
DA:17,8
DA:18,10
DA:19,6
DA:20,9
DA:21,3
DA:22,49
DA:23,18
DA:24,16
DA:26,25
DA:27,260
DA:28,77
DA:29,24
DA:30,0
DA:31,0
DA:32,0
DA:33,0
DA:34,0
DA:35,0
DA:36,0
DA:37,0
DA:38,0
DA:39,0
DA:40,3
DA:42,12
DA:43,25
DA:44,34
DA:45,19
DA:46,43
DA:47,26
DA:48,34
DA:49,52
DA:50,39
DA:51,40
DA:52,39
DA:53,2
DA:54,91
DA:55,61
DA:56,13
DA:57,22
DA:58,16
DA:59,14
DA:60,21
DA:61,13
DA:62,12
DA:63,1
DA:68,0
DA:69,0
DA:70,0
DA:71,0
DA:72,0
DA:73,0
DA:74,0
DA:75,0
DA:76,0
DA:77,0
DA:78,0
DA:79,0
DA:80,0
DA:81,0
DA:82,0
DA:83,0
DA:84,0
DA:85,0
DA:86,0
DA:87,0
DA:88,0
DA:89,0
DA:90,0
DA:91,0
DA:92,0
DA:93,0
DA:94,0
DA:95,0
DA:96,0
DA:97,0
DA:98,0
DA:99,0
DA:100,0
DA:101,0
DA:102,0
DA:103,0
DA:104,0
DA:105,0
DA:106,0
DA:107,0
DA:108,0
DA:109,0
DA:110,0
DA:111,0
DA:112,0
DA:113,0
DA:114,0
DA:115,0
DA:116,8
DA:124,1
DA:125,8
DA:126,8
DA:127,5
DA:136,59
DA:137,59
DA:138,16
DA:139,108
DA:140,1
DA:141,4
DA:142,20
DA:143,20
DA:144,13
DA:145,21
DA:146,71
DA:148,24
DA:149,20
DA:150,28
DA:151,79
DA:153,17
DA:154,20
DA:155,33
DA:156,31
DA:157,36
DA:158,34
DA:159,7
DA:160,15
DA:161,46
DA:162,60
DA:164,23
DA:165,37
DA:166,0
DA:167,0
DA:168,0
DA:169,6
DA:170,55
DA:171,4
DA:173,60
DA:174,16
DA:175,84
DA:176,1
DA:177,4
DA:179,37
DA:180,58
DA:181,50
DA:182,204
DA:186,67
DA:188,86
DA:190,11
DA:192,39
DA:194,32
DA:195,31
DA:196,32
DA:197,15
DA:198,39
DA:199,47
DA:200,82
DA:201,11
DA:202,10
DA:203,0
DA:204,0
DA:205,0
DA:206,0
DA:207,0
DA:208,0
DA:209,0
DA:210,0
DA:211,0
DA:212,0
DA:213,0
DA:214,0
DA:215,0
DA:216,0
DA:217,0
DA:218,0
DA:219,0
DA:220,0
DA:221,0
DA:222,0
DA:223,0
DA:224,0
DA:225,0
DA:226,0
DA:227,0
DA:228,0
DA:229,0
DA:230,7
DA:231,6
DA:233,36
DA:234,27
DA:235,67
DA:236,74
DA:237,18
DA:238,22
DA:239,72
DA:240,13
DA:241,62
DA:242,33
DA:243,25
DA:244,9
DA:245,10
DA:246,27
DA:247,20
DA:248,62
DA:249,21
DA:250,47
DA:251,22
DA:252,40
DA:253,92
DA:254,11
DA:255,12
DA:256,22
DA:257,22
DA:258,34
DA:259,35
DA:260,34
DA:261,9
DA:262,7
DA:263,8
DA:265,61
DA:266,61
DA:267,6
DA:269,29
DA:270,85
DA:271,6
DA:273,19
DA:274,63
DA:275,13
DA:276,33
DA:277,15
DA:278,45
DA:279,9
DA:280,28
DA:281,23
DA:282,55
DA:288,5
DA:289,32
DA:290,20
DA:291,46
DA:292,42
DA:293,45
DA:294,11
DA:295,13
DA:296,167
DA:297,14
DA:298,12
DA:299,54
DA:300,8
DA:301,22
DA:304,97
DA:305,20
DA:306,28
DA:308,84
DA:310,64
DA:311,20
DA:313,35
DA:314,0
DA:315,0
DA:316,0
DA:319,6
DA:321,16
DA:322,16
DA:323,38
DA:324,23
DA:325,47
DA:326,30
DA:327,38
DA:328,40
DA:329,20
DA:330,30
DA:331,17
DA:332,26
DA:333,20
DA:334,18
DA:335,25
DA:336,17
DA:337,17
DA:338,2
DA:339,19
DA:340,55
DA:341,84
DA:342,4
DA:343,50
DA:344,49
DA:345,9
DA:346,21
DA:347,0
DA:348,0
DA:349,0
DA:350,0
DA:351,0
DA:352,8
DA:353,16
DA:354,288
DA:356,1
DA:357,6
DA:358,0
DA:359,0
DA:360,0
DA:361,0
DA:362,0
DA:363,0
DA:364,0
DA:365,0
DA:366,0
DA:367,0
DA:368,0
DA:369,0
DA:370,0
DA:371,0
DA:372,0
DA:373,0
DA:374,0
DA:375,0
DA:376,0
DA:377,0
DA:378,0
DA:379,0
DA:380,0
DA:381,0
DA:382,0
DA:383,0
DA:384,0
DA:385,0
DA:386,0
DA:387,0
DA:388,0
DA:389,0
DA:390,0
DA:391,0
DA:392,0
DA:393,0
DA:394,0
DA:395,0
DA:396,0
DA:397,0
DA:398,0
DA:399,0
DA:400,0
DA:401,0
DA:402,0
DA:403,0
DA:404,0
DA:405,0
DA:406,0
DA:407,1
DA:410,1
LF:345
LH:200
end_of_record
TN:
SF:src/server/services/danaWebhookVerifier.ts
FNF:2
FNH:1
DA:1,35
DA:2,33
DA:3,52
DA:14,26
DA:15,1
DA:16,9
DA:17,6
DA:18,9
DA:19,5
DA:23,54
DA:24,11
DA:25,4
DA:27,95
DA:28,22
DA:29,86
DA:30,12
DA:31,4
DA:34,33
DA:35,13
DA:36,48
DA:37,66
DA:38,32
DA:39,58
DA:40,60
DA:41,10
DA:42,78
DA:43,81
DA:44,11
DA:45,7
DA:46,13
DA:50,13
DA:51,48
DA:52,52
DA:53,11
DA:54,100
DA:55,55
DA:56,77
DA:57,55
DA:58,21
DA:59,57
DA:60,89
DA:61,12
DA:63,4
DA:65,29
DA:66,14
DA:67,105
DA:68,8
DA:69,12
DA:70,0
DA:72,1
DA:74,1
LF:51
LH:50
end_of_record
TN:
SF:src/server/services/email.ts
FNF:10
FNH:7
DA:1,70
DA:18,111
DA:20,40
DA:21,26
DA:22,46
DA:23,44
DA:24,44
DA:25,48
DA:26,47
DA:29,38
DA:30,119
DA:31,90
DA:32,90
DA:33,44
DA:34,52
DA:35,35
DA:43,55
DA:44,61
DA:46,31
DA:47,76
DA:50,28
DA:51,150
DA:54,32
DA:55,65
DA:56,57
DA:57,26
DA:58,190
DA:59,16
DA:60,13
DA:61,75
DA:62,9
DA:65,95
DA:66,147
DA:67,9
DA:69,118
DA:71,22
DA:72,100
DA:73,46
DA:74,40
DA:75,126
DA:76,84
DA:77,20
DA:78,64
DA:79,68
DA:80,52
DA:81,68
DA:82,62
DA:83,105
DA:84,81
DA:85,16
DA:86,18
DA:88,43
DA:89,103
DA:90,69
DA:91,110
DA:92,26
DA:93,178
DA:94,20
DA:95,118
DA:96,26
DA:97,188
DA:98,20
DA:99,35
DA:100,202
DA:102,109
DA:103,13
DA:105,97
DA:106,57
DA:107,158
DA:108,13
DA:109,72
DA:110,38
DA:111,170
DA:112,152
DA:116,36
DA:127,10
DA:128,94
DA:129,106
DA:130,189
DA:131,98
DA:133,66
DA:134,50
DA:136,108
DA:137,29
DA:138,68
DA:139,8
DA:140,78
DA:141,64
DA:142,67
DA:143,9
DA:144,282
DA:147,210
DA:149,15
DA:150,124
DA:151,6
DA:152,9
DA:154,100
DA:155,29
DA:156,71
DA:157,8
DA:158,78
DA:159,245
DA:161,97
DA:162,38
DA:164,15
DA:165,113
DA:166,6
DA:167,9
DA:169,91
DA:170,123
DA:171,117
DA:172,17
DA:173,113
DA:174,105
DA:175,15
DA:176,184
DA:177,536
DA:180,501
DA:181,291
DA:182,233
DA:184,192
DA:185,198
DA:186,9
DA:188,826
DA:193,172
DA:194,792
DA:196,426
DA:198,276
DA:199,88
DA:201,310
DA:202,164
DA:208,40
DA:209,80
DA:210,18
DA:211,30
DA:212,146
DA:213,18
DA:214,90
DA:215,84
DA:216,70
DA:217,109
DA:218,18
DA:219,190
DA:220,30
DA:222,48
DA:223,40
DA:224,108
DA:225,22
DA:226,16
DA:227,10
DA:229,2
LF:151
LH:151
end_of_record
TN:
SF:src/server/services/launchService.ts
FNF:5
FNH:4
DA:1,27
DA:2,55
DA:3,38
DA:4,42
DA:5,34
DA:35,20
DA:39,13
DA:40,56
DA:43,12
DA:44,69
DA:45,72
DA:47,16
DA:48,77
DA:49,4
DA:52,85
DA:53,62
DA:54,4
DA:57,9
DA:58,13
DA:59,11
DA:60,19
DA:61,23
DA:62,3
DA:63,31
DA:65,93
DA:66,69
DA:70,63
DA:71,71
DA:72,7
DA:74,26
DA:76,9
DA:77,16
DA:78,13
DA:79,24
DA:80,23
DA:81,25
DA:82,3
DA:83,45
DA:84,13
DA:85,41
DA:86,52
DA:87,25
DA:88,22
DA:89,24
DA:90,20
DA:91,11
DA:94,14
DA:95,25
DA:96,24
DA:97,24
DA:98,22
DA:99,17
DA:100,22
DA:101,18
DA:102,10
DA:108,14
DA:109,60
DA:111,12
DA:112,70
DA:113,69
DA:115,16
DA:116,11
DA:117,4
DA:120,63
DA:121,37
DA:122,7
DA:124,14
DA:125,24
DA:126,21
DA:127,41
DA:128,32
DA:129,44
DA:130,35
DA:131,57
DA:132,3
DA:134,1
LF:76
LH:76
end_of_record
TN:
SF:src/server/services/license.ts
FNF:16
FNH:15
DA:1,66
DA:2,27
DA:3,61
DA:4,33
DA:5,53
DA:6,39
DA:7,42
DA:8,39
DA:9,44
DA:10,35
DA:13,34
DA:16,44
DA:58,21
DA:62,21
DA:63,123
DA:64,31
DA:65,19
DA:66,37
DA:67,37
DA:68,32
DA:69,6
DA:70,15
DA:73,68
DA:80,21
DA:81,92
DA:88,21
DA:89,62
DA:90,43
DA:91,18
DA:92,47
DA:95,12
DA:96,78
DA:103,21
DA:104,14
DA:105,57
DA:106,48
DA:107,9
DA:116,1
DA:117,12
DA:118,7
DA:119,12
DA:120,15
DA:121,11
DA:122,10
DA:123,47
DA:124,5
DA:125,85
DA:126,27
DA:127,69
DA:128,2
DA:129,6
DA:130,39
DA:131,22
DA:132,17
DA:133,29
DA:134,33
DA:135,12
DA:136,29
DA:137,10
DA:138,40
DA:139,10
DA:147,1
DA:148,5
DA:157,46
DA:158,5
DA:159,36
DA:160,75
DA:161,45
DA:162,9
DA:163,22
DA:164,18
DA:165,34
DA:166,28
DA:167,37
DA:168,28
DA:169,73
DA:170,3
DA:171,28
DA:172,4
DA:173,4
DA:175,53
DA:176,16
DA:177,11
DA:178,6
DA:179,19
DA:180,19
DA:181,22
DA:182,16
DA:183,6
DA:185,9
DA:186,17
DA:187,58
DA:188,35
DA:190,21
DA:196,13
DA:197,45
DA:198,42
DA:199,50
DA:200,50
DA:202,59
DA:203,31
DA:204,55
DA:206,84
DA:207,95
DA:208,54
DA:210,62
DA:211,2
DA:212,13
DA:214,62
DA:215,79
DA:216,60
DA:217,12
DA:218,14
DA:219,6
DA:220,22
DA:221,10
DA:222,10
DA:223,16
DA:224,6
DA:226,26
DA:227,17
DA:228,14
DA:229,20
DA:230,26
DA:231,17
DA:232,42
DA:233,15
DA:234,23
DA:235,21
DA:236,15
DA:237,15
DA:238,41
DA:239,16
DA:240,24
DA:241,3
DA:242,16
DA:244,26
DA:245,28
DA:246,42
DA:247,73
DA:248,14
DA:249,72
DA:250,6
DA:251,4
DA:253,44
DA:254,31
DA:255,38
DA:256,17
DA:257,16
DA:258,38
DA:259,9
DA:260,56
DA:261,2
DA:262,17
DA:263,54
DA:264,2
DA:265,17
DA:266,50
DA:267,2
DA:268,14
DA:269,3
DA:270,12
DA:271,7
DA:273,53
DA:274,26
DA:275,18
DA:276,7
DA:277,27
DA:278,36
DA:279,26
DA:280,28
DA:281,24
DA:282,31
DA:283,3
DA:284,7
DA:285,42
DA:286,16
DA:287,32
DA:288,19
DA:289,32
DA:290,38
DA:291,1
DA:292,6
DA:294,51
DA:295,22
DA:296,10
DA:297,28
DA:298,24
DA:299,34
DA:300,87
DA:301,7
DA:303,14
DA:304,22
DA:305,17
DA:306,10
DA:312,13
DA:313,38
DA:314,35
DA:315,19
DA:316,49
DA:317,4
DA:319,17
DA:320,0
DA:321,0
DA:322,0
DA:323,0
DA:324,0
DA:325,0
DA:326,4
DA:328,27
DA:329,17
DA:330,48
DA:331,19
DA:332,16
DA:334,20
DA:335,16
DA:336,23
DA:337,23
DA:338,37
DA:339,28
DA:340,1
DA:341,4
DA:343,27
DA:344,40
DA:345,79
DA:346,45
DA:347,9
DA:348,22
DA:349,18
DA:350,34
DA:351,32
DA:352,41
DA:353,36
DA:354,73
DA:355,3
DA:356,30
DA:357,24
DA:358,4
DA:359,4
DA:361,85
DA:362,53
DA:363,26
DA:364,19
DA:365,7
DA:366,28
DA:367,37
DA:368,27
DA:369,28
DA:370,24
DA:371,31
DA:372,3
DA:373,31
DA:374,6
DA:375,52
DA:376,23
DA:377,23
DA:378,28
DA:379,24
DA:380,31
DA:381,7
DA:383,14
DA:384,20
DA:385,81
DA:386,34
DA:387,20
DA:388,10
DA:394,1
DA:395,5
DA:396,13
DA:397,5
DA:398,25
DA:399,75
DA:400,14
DA:401,17
DA:402,43
DA:403,37
DA:404,29
DA:405,11
DA:406,4
DA:407,33
DA:409,1
LF:281
LH:275
end_of_record
TN:
SF:src/server/services/licenseLease.ts
FNF:15
FNH:14
DA:1,42
DA:2,27
DA:3,45
DA:4,55
DA:5,43
DA:14,45
DA:15,53
DA:18,14
DA:19,61
DA:20,77
DA:21,12
DA:22,40
DA:23,56
DA:24,26
DA:25,82
DA:26,1
DA:29,26
DA:30,8
DA:31,54
DA:38,1
DA:39,11
DA:40,10
DA:41,10
DA:48,3
DA:49,5
DA:50,41
DA:51,71
DA:52,25
DA:53,66
DA:57,60
DA:58,66
DA:59,11
DA:60,40
DA:61,45
DA:62,5
DA:63,7
DA:65,20
DA:66,30
DA:67,22
DA:68,13
DA:69,17
DA:70,62
DA:71,59
DA:72,29
DA:73,15
DA:74,3
DA:75,41
DA:76,18
DA:77,39
DA:78,4
DA:80,28
DA:81,22
DA:82,14
DA:83,50
DA:84,16
DA:85,15
DA:86,57
DA:87,35
DA:88,43
DA:89,27
DA:90,13
DA:91,3
DA:92,16
DA:94,38
DA:98,31
DA:99,25
DA:100,28
DA:101,33
DA:102,20
DA:103,89
DA:104,27
DA:111,1
DA:112,11
DA:113,6
DA:114,10
DA:115,13
DA:116,5
DA:117,63
DA:118,63
DA:119,11
DA:120,40
DA:121,45
DA:122,5
DA:123,7
DA:125,68
DA:127,25
DA:128,64
DA:129,59
DA:131,27
DA:132,22
DA:133,11
DA:134,34
DA:135,60
DA:136,57
DA:137,27
DA:138,13
DA:139,3
DA:140,41
DA:141,16
DA:143,23
DA:147,17
DA:148,46
DA:149,52
DA:150,61
DA:151,10
DA:155,7
DA:156,25
DA:157,22
DA:158,45
DA:159,40
DA:160,30
DA:164,22
DA:165,63
DA:166,25
DA:167,22
DA:168,6
DA:169,90
DA:170,2
DA:171,40
DA:172,23
DA:174,1
LF:121
LH:121
end_of_record
TN:
SF:src/server/services/licenseToken.ts
FNF:7
FNH:6
DA:1,206
DA:7,46
DA:8,68
DA:11,126
DA:12,96
DA:30,89
DA:38,39
DA:39,97
DA:46,69
DA:47,54
DA:48,58
DA:49,50
DA:50,39
DA:52,20
DA:53,72
DA:55,106
DA:56,44
DA:58,105
DA:59,80
DA:60,34
DA:61,55
DA:62,95
DA:63,13
DA:64,132
DA:65,81
DA:66,30
DA:67,52
DA:68,9
DA:69,12
DA:70,14
DA:71,16
DA:72,99
DA:73,16
DA:76,108
DA:77,110
DA:78,170
DA:80,104
DA:81,64
DA:82,80
DA:83,28
DA:84,34
DA:85,46
DA:86,38
DA:87,38
DA:88,30
DA:89,34
DA:90,38
DA:91,34
DA:92,26
DA:96,6
DA:97,18
DA:98,10
DA:99,32
DA:100,108
DA:102,92
DA:103,50
DA:104,22
DA:105,42
DA:106,86
DA:107,30
DA:108,86
DA:109,50
DA:110,12
DA:112,180
DA:113,102
DA:114,190
DA:115,22
DA:116,12
DA:118,99
DA:122,32
DA:123,32
DA:124,22
DA:125,74
DA:126,124
DA:128,92
DA:129,174
DA:130,140
DA:132,118
DA:133,48
DA:134,12
DA:135,68
DA:136,22
DA:137,70
DA:138,16
DA:139,148
DA:141,52
DA:142,94
DA:143,16
DA:144,139
DA:145,132
DA:146,55
DA:147,13
DA:149,102
DA:150,151
DA:151,103
DA:152,13
DA:153,151
DA:154,107
DA:155,13
DA:157,68
DA:158,26
DA:159,122
DA:164,31
DA:165,32
DA:166,69
DA:170,23
DA:171,32
DA:172,70
DA:174,2
LF:109
LH:109
end_of_record
TN:
SF:src/server/services/rateLimiter.ts
FNF:4
FNH:4
DA:1,40
DA:9,24
DA:12,34
DA:13,24
DA:14,28
DA:16,9
DA:17,85
DA:18,20
DA:19,41
DA:20,52
DA:21,2
DA:24,37
DA:25,56
DA:26,20
DA:27,40
DA:28,26
DA:29,16
DA:30,45
DA:31,2
DA:32,1
DA:35,13
DA:36,41
DA:47,6
DA:48,9
DA:49,7
DA:50,7
DA:51,10
DA:52,3
DA:53,25
DA:54,15
DA:56,46
DA:57,34
DA:59,42
DA:60,60
DA:61,39
DA:62,2
DA:64,31
DA:65,79
DA:66,2
DA:68,20
DA:69,40
DA:73,11
DA:74,17
LF:43
LH:43
end_of_record
TN:
SF:src/server/services/webhooks.ts
FNF:20
FNH:18
DA:1,54
DA:2,27
DA:3,73
DA:4,52
DA:13,32
DA:14,19
DA:15,22
DA:16,24
DA:17,22
DA:18,20
DA:19,20
DA:20,20
DA:21,24
DA:22,20
DA:23,23
DA:24,2
DA:28,31
DA:29,30
DA:40,21
DA:42,23
DA:43,90
DA:50,17
DA:51,11
DA:52,12
DA:53,90
DA:54,22
DA:56,28
DA:57,14
DA:58,44
DA:59,17
DA:60,45
DA:61,35
DA:62,51
DA:63,40
DA:64,25
DA:65,10
DA:66,75
DA:67,8
DA:69,68
DA:70,58
DA:71,9
DA:73,49
DA:74,21
DA:76,42
DA:77,48
DA:78,92
DA:80,62
DA:81,53
DA:82,54
DA:83,34
DA:84,16
DA:85,30
DA:86,20
DA:87,28
DA:88,22
DA:89,29
DA:90,11
DA:91,18
DA:92,6
DA:94,14
DA:95,19
DA:97,77
DA:98,17
DA:106,7
DA:107,61
DA:108,11
DA:109,41
DA:110,44
DA:111,8
DA:112,13
DA:113,7
DA:114,30
DA:116,66
DA:117,45
DA:118,60
DA:119,6
DA:120,7
DA:121,64
DA:123,22
DA:124,34
DA:125,81
DA:126,45
DA:127,9
DA:128,26
DA:129,47
DA:130,53
DA:131,8
DA:132,6
DA:134,55
DA:137,60
DA:139,21
DA:140,13
DA:141,47
DA:142,54
DA:143,49
DA:144,25
DA:145,22
DA:146,47
DA:147,46
DA:148,45
DA:149,59
DA:150,46
DA:151,58
DA:152,12
DA:153,24
DA:154,33
DA:155,11
DA:156,28
DA:157,50
DA:158,21
DA:159,13
DA:160,63
DA:161,19
DA:162,10
DA:163,23
DA:166,52
DA:167,22
DA:168,79
DA:169,71
DA:170,9
DA:171,26
DA:172,13
DA:173,55
DA:174,17
DA:175,32
DA:176,17
DA:177,22
DA:178,8
DA:179,22
DA:180,60
DA:181,25
DA:182,3
DA:183,51
DA:185,21
DA:186,28
DA:187,13
DA:188,113
DA:189,8
DA:190,4
DA:191,4
DA:192,25
DA:195,17
DA:196,49
DA:197,55
DA:198,47
DA:199,10
DA:202,1
DA:203,11
DA:204,6
DA:205,5
DA:206,60
DA:207,28
DA:208,25
DA:209,14
DA:210,50
DA:211,16
DA:212,21
DA:213,24
DA:214,55
DA:215,36
DA:216,3
DA:217,16
DA:218,24
DA:221,1
DA:222,11
DA:223,12
DA:224,6
DA:225,5
DA:226,27
DA:227,25
DA:228,39
DA:229,91
DA:230,16
DA:231,31
DA:234,28
DA:235,91
DA:237,25
DA:238,25
DA:239,91
DA:240,43
DA:241,34
DA:244,28
DA:245,44
DA:246,27
DA:247,25
DA:248,48
DA:249,91
DA:250,16
DA:251,31
DA:254,8
DA:255,89
DA:257,1
LF:192
LH:192
end_of_record
TN:
SF:src/server/utils/payment.ts
FNF:1
FNH:1
DA:3,33
DA:4,39
DA:5,51
DA:6,41
DA:7,54
LF:5
LH:5
end_of_record
TN:
SF:src/server/utils/pollTicket.ts
FNF:2
FNH:2
DA:1,58
DA:2,35
DA:13,30
DA:15,15
DA:16,45
DA:17,39
DA:18,92
DA:19,27
DA:22,23
DA:23,59
DA:24,34
DA:25,28
DA:26,31
DA:27,21
DA:28,30
DA:29,59
DA:31,99
DA:32,15
DA:33,9
DA:34,37
DA:35,0
DA:36,2
DA:38,81
LF:23
LH:22
end_of_record
