TN:
SF:packages/sdk/src/errors.ts
FNF:7
FNH:7
DA:8,1
DA:10,59
DA:11,38
DA:12,62
DA:13,60
DA:14,68
DA:15,71
DA:17,2
DA:19,111
DA:20,121
DA:21,136
DA:22,75
DA:24,2
DA:26,111
DA:27,133
DA:28,136
DA:29,75
DA:31,2
DA:33,117
DA:34,159
DA:35,128
DA:36,81
DA:38,2
DA:40,111
DA:41,205
DA:42,147
DA:43,75
DA:45,2
DA:47,121
DA:48,143
DA:49,150
DA:50,85
DA:52,2
DA:54,107
DA:55,167
DA:56,180
DA:57,71
DA:59,1
LF:38
LH:38
end_of_record
TN:
SF:packages/sdk/src/index.ts
FNF:6
FNH:5
DA:8,106
DA:9,108
DA:10,100
DA:11,100
DA:12,84
DA:13,112
DA:17,48
DA:18,50
DA:30,1
DA:32,39
DA:33,153
DA:34,32
DA:35,272
DA:36,7
DA:37,9
DA:38,126
DA:39,83
DA:40,107
DA:41,9
DA:42,143
DA:43,32
DA:44,174
DA:45,7
DA:46,9
DA:48,64
DA:49,72
DA:50,106
DA:51,171
DA:52,94
DA:54,62
DA:55,78
DA:56,48
DA:57,56
DA:58,46
DA:59,12
DA:61,116
DA:62,108
DA:63,108
DA:64,111
DA:71,25
DA:72,18
DA:73,34
DA:74,16
DA:75,10
DA:76,138
DA:82,43
DA:83,86
DA:84,117
DA:85,22
DA:86,124
DA:87,26
DA:88,62
DA:89,18
DA:90,44
DA:91,14
DA:92,61
DA:99,39
DA:100,46
DA:101,14
DA:102,78
DA:103,42
DA:104,6
DA:105,14
DA:106,8
DA:108,2
DA:110,45
LF:66
LH:66
end_of_record
TN:
SF:packages/sdk/src/modules/aiproxy.ts
FNF:8
FNH:7
DA:13,77
DA:15,34
DA:16,122
DA:17,122
DA:18,42
DA:19,36
DA:20,92
DA:21,103
DA:22,16
DA:23,60
DA:24,60
DA:25,78
DA:26,62
DA:27,70
DA:28,126
DA:29,70
DA:30,58
DA:31,82
DA:32,38
DA:33,12
DA:34,14
DA:35,47
DA:38,40
DA:39,122
DA:40,122
DA:41,42
DA:42,36
DA:43,92
DA:44,103
DA:45,16
DA:46,60
DA:47,60
DA:48,78
DA:49,62
DA:50,70
DA:51,126
DA:52,70
DA:53,58
DA:54,82
DA:55,36
DA:56,12
DA:57,14
DA:59,39
DA:60,103
DA:61,179
DA:62,9
DA:64,36
DA:65,65
DA:66,9
DA:68,80
DA:69,72
DA:71,35
DA:72,44
DA:73,48
DA:74,47
DA:75,108
DA:76,72
DA:78,120
DA:79,82
DA:80,74
DA:82,77
DA:83,80
DA:84,97
DA:85,102
DA:86,116
DA:87,42
DA:88,96
DA:89,140
DA:90,67
DA:91,84
DA:92,31
DA:93,32
DA:96,21
DA:97,9
DA:98,17
DA:100,9
DA:102,1
LF:77
LH:77
end_of_record
TN:
SF:packages/sdk/src/modules/checkout.ts
FNF:2
FNH:2
DA:12,6
DA:13,10
DA:14,8
DA:15,3
DA:16,32
DA:17,72
DA:18,2
DA:19,25
DA:20,72
DA:21,2
DA:23,68
DA:24,19
DA:25,52
DA:26,28
DA:27,28
DA:28,29
DA:29,41
DA:30,46
DA:31,43
DA:32,36
DA:33,4
DA:34,5
DA:36,17
DA:37,61
DA:38,2
DA:40,32
DA:41,59
DA:42,42
DA:43,2
DA:44,11
LF:30
LH:30
end_of_record
TN:
SF:packages/sdk/src/modules/credits.ts
FNF:7
FNH:7
DA:19,77
DA:21,37
DA:22,158
DA:23,42
DA:24,108
DA:25,60
DA:26,78
DA:27,48
DA:28,12
DA:29,14
DA:30,47
DA:33,37
DA:34,158
DA:35,42
DA:36,108
DA:37,60
DA:38,78
DA:39,54
DA:40,62
DA:41,62
DA:42,68
DA:43,12
DA:44,14
DA:45,47
DA:48,37
DA:49,158
DA:50,42
DA:51,108
DA:52,60
DA:53,78
DA:54,54
DA:55,52
DA:56,12
DA:57,14
DA:58,41
DA:60,1
LF:36
LH:36
end_of_record
TN:
SF:packages/sdk/src/modules/licensing.ts
FNF:31
FNH:30
DA:5,120
DA:30,86
DA:31,24
DA:32,166
DA:33,85
DA:34,115
DA:35,55
DA:36,28
DA:37,5
DA:41,77
DA:43,38
DA:44,144
DA:45,42
DA:46,108
DA:47,60
DA:48,78
DA:49,60
DA:50,78
DA:51,78
DA:52,64
DA:53,12
DA:54,14
DA:55,47
DA:58,36
DA:59,140
DA:60,42
DA:61,108
DA:62,60
DA:63,78
DA:64,54
DA:65,72
DA:66,12
DA:67,14
DA:68,47
DA:71,32
DA:75,10
DA:76,140
DA:77,42
DA:78,108
DA:79,60
DA:80,78
DA:81,54
DA:82,72
DA:83,12
DA:84,14
DA:85,68
DA:86,84
DA:87,96
DA:88,28
DA:89,66
DA:90,52
DA:91,94
DA:92,52
DA:93,52
DA:94,56
DA:95,74
DA:96,68
DA:97,15
DA:100,38
DA:101,144
DA:102,42
DA:103,108
DA:104,60
DA:105,60
DA:106,78
DA:107,54
DA:108,104
DA:109,12
DA:110,14
DA:111,47
DA:114,40
DA:115,148
DA:116,42
DA:117,108
DA:118,60
DA:119,78
DA:120,48
DA:121,12
DA:122,14
DA:123,47
DA:126,39
DA:127,146
DA:128,42
DA:129,108
DA:130,60
DA:131,60
DA:132,78
DA:133,54
DA:134,70
DA:135,72
DA:136,12
DA:137,14
DA:138,42
DA:141,51
DA:142,86
DA:143,44
DA:144,124
DA:146,56
DA:147,148
DA:148,26
DA:149,88
DA:150,82
DA:151,58
DA:152,72
DA:153,76
DA:154,22
DA:156,57
DA:157,130
DA:158,177
DA:159,54
DA:160,80
DA:161,21
DA:162,66
DA:163,29
DA:164,17
DA:166,66
DA:167,30
DA:168,42
DA:169,62
DA:170,42
DA:174,77
DA:175,41
DA:176,49
DA:177,16
DA:178,41
DA:180,32
DA:182,28
DA:183,41
DA:184,46
DA:185,69
DA:187,80
DA:188,56
DA:189,34
DA:190,14
DA:193,35
DA:194,120
DA:197,22
DA:198,94
DA:199,78
DA:200,66
DA:201,78
DA:202,64
DA:203,18
DA:205,127
DA:206,102
DA:207,104
DA:208,36
DA:209,66
DA:210,54
DA:211,70
DA:212,82
DA:213,60
DA:214,112
DA:215,82
DA:216,78
DA:217,80
DA:218,70
DA:219,74
DA:220,82
DA:221,76
DA:222,9
DA:223,8
DA:224,38
DA:225,47
DA:226,25
DA:227,18
DA:231,58
DA:232,73
DA:233,43
DA:234,36
DA:235,9
DA:237,43
DA:238,50
DA:239,92
DA:241,16
DA:242,25
DA:243,26
DA:244,49
DA:245,26
DA:246,28
DA:247,26
DA:248,36
DA:249,27
DA:250,39
DA:251,36
DA:252,6
DA:253,9
DA:255,100
DA:256,28
DA:257,38
DA:258,48
DA:259,56
DA:260,44
DA:261,46
DA:262,48
DA:263,104
DA:264,84
DA:265,78
DA:266,15
DA:269,23
DA:270,130
DA:271,47
DA:274,21
DA:275,14
DA:276,18
DA:277,10
DA:278,94
DA:279,70
DA:280,22
DA:281,11
DA:284,76
DA:285,121
DA:288,104
DA:289,129
DA:290,55
DA:291,30
DA:293,2
LF:217
LH:217
end_of_record
TN:
SF:packages/sdk/src/modules/s2s.ts
FNF:45
FNH:45
DA:6,113
DA:23,72
DA:25,27
DA:26,28
DA:27,98
DA:28,76
DA:29,14
DA:33,20
DA:34,114
DA:35,118
DA:36,14
DA:37,43
DA:41,24
DA:42,50
DA:43,93
DA:44,144
DA:45,122
DA:46,18
DA:47,51
DA:49,50
DA:50,146
DA:51,122
DA:52,18
DA:53,45
DA:55,8
DA:58,32
DA:59,40
DA:63,14
DA:64,82
DA:65,130
DA:66,136
DA:67,146
DA:68,123
DA:69,144
DA:70,122
DA:71,18
DA:72,51
DA:75,58
DA:76,116
DA:77,148
DA:78,46
DA:79,72
DA:80,124
DA:81,18
DA:82,51
DA:85,68
DA:86,116
DA:87,160
DA:88,46
DA:89,72
DA:90,124
DA:91,18
DA:92,51
DA:95,60
DA:96,150
DA:97,46
DA:98,72
DA:99,70
DA:100,18
DA:101,51
DA:104,70
DA:105,162
DA:106,46
DA:107,72
DA:108,70
DA:109,18
DA:110,51
DA:113,64
DA:114,70
DA:115,150
DA:116,118
DA:117,16
DA:118,51
DA:121,70
DA:122,162
DA:123,46
DA:124,72
DA:125,70
DA:126,18
DA:127,51
DA:130,68
DA:131,152
DA:132,46
DA:133,72
DA:134,84
DA:135,18
DA:136,51
DA:139,64
DA:140,154
DA:141,46
DA:142,72
DA:143,70
DA:144,18
DA:145,51
DA:148,44
DA:154,14
DA:155,82
DA:156,158
DA:157,128
DA:158,128
DA:159,152
DA:160,144
DA:161,192
DA:162,122
DA:163,18
DA:164,45
DA:166,8
DA:169,30
DA:170,68
DA:171,70
DA:172,152
DA:173,118
DA:174,16
DA:175,51
DA:177,48
DA:182,14
DA:183,150
DA:184,46
DA:185,72
DA:186,70
DA:187,18
DA:188,45
DA:190,8
DA:193,32
DA:194,42
DA:195,136
DA:196,122
DA:197,18
DA:198,51
DA:200,60
DA:201,136
DA:202,46
DA:203,72
DA:204,70
DA:205,18
DA:206,51
DA:208,64
DA:209,148
DA:210,48
DA:211,72
DA:212,66
DA:213,18
DA:214,51
DA:216,50
DA:217,148
DA:218,50
DA:219,122
DA:220,18
DA:221,51
DA:223,62
DA:224,176
DA:225,46
DA:226,122
DA:227,18
DA:228,51
DA:230,46
DA:231,158
DA:232,46
DA:233,122
DA:234,18
DA:235,51
DA:237,111
DA:238,124
DA:240,6
DA:241,2
LF:165
LH:165
end_of_record
TN:
SF:packages/sdk/src/types.ts
FNF:0
FNH:0
LF:0
LH:0
end_of_record
TN:
SF:packages/sdk/src/utils/crypto.ts
FNF:6
FNH:6
DA:6,42
DA:9,16
DA:10,61
DA:11,66
DA:12,30
DA:13,46
DA:14,74
DA:15,13
DA:21,6
DA:22,9
DA:23,17
DA:24,7
DA:25,3
DA:26,9
DA:27,82
DA:28,32
DA:29,42
DA:30,7
DA:31,20
DA:32,35
DA:33,7
DA:34,8
DA:35,6
DA:36,84
DA:37,53
DA:38,42
DA:39,13
DA:40,59
DA:41,0
DA:42,1
DA:49,6
DA:50,7
DA:51,8
DA:57,3
DA:58,9
DA:59,55
DA:60,42
DA:61,50
DA:62,4
DA:64,36
DA:65,16
DA:66,42
DA:67,103
DA:68,35
DA:69,36
DA:70,25
DA:71,4
DA:72,75
DA:74,42
DA:75,7
DA:76,5
DA:77,21
DA:78,7
DA:79,10
DA:80,6
DA:81,55
DA:82,63
DA:83,38
DA:84,11
DA:85,5
DA:86,16
DA:87,4
DA:88,6
DA:89,69
DA:91,26
DA:92,48
DA:93,6
DA:95,92
DA:96,68
DA:97,48
DA:98,4
DA:100,45
DA:101,60
DA:102,62
DA:103,4
DA:104,4
DA:106,31
DA:107,17
DA:108,64
LF:79
LH:78
end_of_record
TN:
SF:packages/sdk/src/utils/semver.ts
FNF:3
FNH:3
DA:5,12
DA:6,9
DA:7,19
DA:8,11
DA:9,37
DA:12,23
DA:13,33
DA:14,29
DA:15,43
DA:16,33
DA:17,25
DA:18,25
DA:19,32
DA:20,31
DA:21,2
DA:22,12
LF:16
LH:16
end_of_record
